2019-08-29 14:11:40.511  INFO 7228 --- [main] .p.b.c.i.ApolloConfigEnvironmentResolver : Apollo config hash bean initialized from environment . {} ApolloConfigSettings [cluster=default, env=dev, dataCenter=null, domains={local_meta=http://127.0.0.1:8081, dev_meta=http://127.0.0.1:8081, fat_meta=http://127.0.0.1:8081, uat_meta=http://127.0.0.1:8081, pro_meta=http://127.0.0.1:8081}]
2019-08-29 14:11:40.556  WARN 7228 --- [main] c.c.f.f.i.p.DefaultApplicationProvider   : /META-INF/app.properties not found from classpath!
2019-08-29 14:11:40.556  WARN 7228 --- [main] c.c.f.f.i.p.DefaultApplicationProvider   : app.id is not available from System Property and /META-INF/app.properties. It is set to null
2019-08-29 14:11:40.572  WARN 7228 --- [main] c.c.f.f.i.p.DefaultServerProvider        : C:/opt/settings/server.properties does not exist or is not readable.
2019-08-29 14:11:40.572  WARN 7228 --- [main] c.c.f.f.i.p.DefaultServerProvider        : Environment is set to null. Because it is not available in either (1) JVM system property 'env', (2) OS env variable 'ENV' nor (3) property 'env' from the properties InputStream.
2019-08-29 14:11:40.572  INFO 7228 --- [main] c.p.p.b.c.i.a.BoatProviderManager        : BoatProviderManager <init>
2019-08-29 14:11:40.572  WARN 7228 --- [main] c.c.f.f.i.p.DefaultApplicationProvider   : /META-INF/app.properties not found from classpath!
2019-08-29 14:11:40.572  WARN 7228 --- [main] c.c.f.f.i.p.DefaultApplicationProvider   : app.id is not available from System Property and /META-INF/app.properties. It is set to null
2019-08-29 14:11:40.572  INFO 7228 --- [main] c.p.p.b.c.i.a.BoatApplicationProvider    : App ID is set to kjcx-demo by 'spring.application.name' property from spring environment
2019-08-29 14:11:40.572  WARN 7228 --- [main] c.c.f.f.i.p.DefaultServerProvider        : C:/opt/settings/server.properties does not exist or is not readable.
2019-08-29 14:11:40.572  WARN 7228 --- [main] c.c.f.f.i.p.DefaultServerProvider        : Environment is set to null. Because it is not available in either (1) JVM system property 'env', (2) OS env variable 'ENV' nor (3) property 'env' from the properties InputStream.
2019-08-29 14:11:40.572  INFO 7228 --- [main] c.p.p.b.c.i.a.BoatServerProvider         : Environment is set to [null] by property 'apollo.data-center' in spring environment .
2019-08-29 14:11:40.572  INFO 7228 --- [main] c.p.p.b.c.i.a.BoatServerProvider         : Environment is set to [dev] by property 'apollo.env' in spring environment .
2019-08-29 14:11:40.572  WARN 7228 --- [main] c.c.f.f.i.p.DefaultApplicationProvider   : /META-INF/app.properties not found from classpath!
2019-08-29 14:11:40.572  WARN 7228 --- [main] c.c.f.f.i.p.DefaultApplicationProvider   : app.id is not available from System Property and /META-INF/app.properties. It is set to null
2019-08-29 14:11:40.572  WARN 7228 --- [main] c.c.f.f.i.p.DefaultServerProvider        : C:/opt/settings/server.properties does not exist or is not readable.
2019-08-29 14:11:40.572  WARN 7228 --- [main] c.c.f.f.i.p.DefaultServerProvider        : Environment is set to null. Because it is not available in either (1) JVM system property 'env', (2) OS env variable 'ENV' nor (3) property 'env' from the properties InputStream.
2019-08-29 14:11:40.572  INFO 7228 --- [main] c.p.p.b.c.i.a.BoatProviderManager        : BoatProviderManager <init>
2019-08-29 14:11:40.572  WARN 7228 --- [main] c.c.f.f.i.p.DefaultApplicationProvider   : /META-INF/app.properties not found from classpath!
2019-08-29 14:11:40.572  WARN 7228 --- [main] c.c.f.f.i.p.DefaultApplicationProvider   : app.id is not available from System Property and /META-INF/app.properties. It is set to null
2019-08-29 14:11:40.572  INFO 7228 --- [main] c.p.p.b.c.i.a.BoatApplicationProvider    : App ID is set to kjcx-demo by 'spring.application.name' property from spring environment
2019-08-29 14:11:40.572  WARN 7228 --- [main] c.c.f.f.i.p.DefaultServerProvider        : C:/opt/settings/server.properties does not exist or is not readable.
2019-08-29 14:11:40.572  WARN 7228 --- [main] c.c.f.f.i.p.DefaultServerProvider        : Environment is set to null. Because it is not available in either (1) JVM system property 'env', (2) OS env variable 'ENV' nor (3) property 'env' from the properties InputStream.
2019-08-29 14:11:40.572  INFO 7228 --- [main] c.p.p.b.c.i.a.BoatServerProvider         : Environment is set to [null] by property 'apollo.data-center' in spring environment .
2019-08-29 14:11:40.572  INFO 7228 --- [main] c.p.p.b.c.i.a.BoatServerProvider         : Environment is set to [dev] by property 'apollo.env' in spring environment .
2019-08-29 14:11:40.634  INFO 7228 --- [main] s.c.a.AnnotationConfigApplicationContext : Refreshing org.springframework.context.annotation.AnnotationConfigApplicationContext@6aecbb8d: startup date [Thu Aug 29 14:11:40 CST 2019]; root of context hierarchy
2019-08-29 14:11:40.922  INFO 7228 --- [main] f.a.AutowiredAnnotationBeanPostProcessor : JSR-330 'javax.inject.Inject' annotation found and supported for autowiring
2019-08-29 14:11:40.968  INFO 7228 --- [main] trationDelegate$BeanPostProcessorChecker : Bean 'configurationPropertiesRebinderAutoConfiguration' of type [org.springframework.cloud.autoconfigure.ConfigurationPropertiesRebinderAutoConfiguration$$EnhancerBySpringCGLIB$$2a3113fe] is not eligible for getting processed by all BeanPostProcessors (for example: not eligible for auto-proxying)
