2019-08-29 14:11:41.323  INFO 7228 --- [main] .p.b.c.i.ApolloConfigEnvironmentResolver : Apollo config hash bean initialized from environment . {} ApolloConfigSettings [cluster=default, env=dev, dataCenter=null, domains={local_meta=http://127.0.0.1:8081, dev_meta=http://127.0.0.1:8081, fat_meta=http://127.0.0.1:8081, uat_meta=http://127.0.0.1:8081, pro_meta=http://127.0.0.1:8081}]
2019-08-29 14:11:41.339  WARN 7228 --- [main] c.c.f.f.i.p.DefaultApplicationProvider   : /META-INF/app.properties not found from classpath!
2019-08-29 14:11:41.339  WARN 7228 --- [main] c.c.f.f.i.p.DefaultApplicationProvider   : app.id is not available from System Property and /META-INF/app.properties. It is set to null
2019-08-29 14:11:41.339  WARN 7228 --- [main] c.c.f.f.i.p.DefaultServerProvider        : C:/opt/settings/server.properties does not exist or is not readable.
2019-08-29 14:11:41.339  WARN 7228 --- [main] c.c.f.f.i.p.DefaultServerProvider        : Environment is set to null. Because it is not available in either (1) JVM system property 'env', (2) OS env variable 'ENV' nor (3) property 'env' from the properties InputStream.
2019-08-29 14:11:41.339  INFO 7228 --- [main] c.p.p.b.c.i.a.BoatProviderManager        : BoatProviderManager <init>
2019-08-29 14:11:41.339  WARN 7228 --- [main] c.c.f.f.i.p.DefaultApplicationProvider   : /META-INF/app.properties not found from classpath!
2019-08-29 14:11:41.339  WARN 7228 --- [main] c.c.f.f.i.p.DefaultApplicationProvider   : app.id is not available from System Property and /META-INF/app.properties. It is set to null
2019-08-29 14:11:41.339  INFO 7228 --- [main] c.p.p.b.c.i.a.BoatApplicationProvider    : App ID is set to kjcx-demo by 'spring.application.name' property from spring environment
2019-08-29 14:11:41.339  WARN 7228 --- [main] c.c.f.f.i.p.DefaultServerProvider        : C:/opt/settings/server.properties does not exist or is not readable.
2019-08-29 14:11:41.339  WARN 7228 --- [main] c.c.f.f.i.p.DefaultServerProvider        : Environment is set to null. Because it is not available in either (1) JVM system property 'env', (2) OS env variable 'ENV' nor (3) property 'env' from the properties InputStream.
2019-08-29 14:11:41.339  INFO 7228 --- [main] c.p.p.b.c.i.a.BoatServerProvider         : Environment is set to [null] by property 'apollo.data-center' in spring environment .
2019-08-29 14:11:41.339  INFO 7228 --- [main] c.p.p.b.c.i.a.BoatServerProvider         : Environment is set to [dev] by property 'apollo.env' in spring environment .
2019-08-29 14:11:41.339  INFO 7228 --- [main] c.p.e.Application                        : No active profile set, falling back to default profiles: default
2019-08-29 14:11:41.370  INFO 7228 --- [main] ationConfigEmbeddedWebApplicationContext : Refreshing org.springframework.boot.context.embedded.AnnotationConfigEmbeddedWebApplicationContext@5e39850: startup date [Thu Aug 29 14:11:41 CST 2019]; parent: org.springframework.context.annotation.AnnotationConfigApplicationContext@6aecbb8d
2019-08-29 14:11:43.180  INFO 7228 --- [main] c.OAuth2AutoConfigurationExclusionFilter : AutoConfigurationExclusion: org.springframework.boot.autoconfigure.security.SecurityAutoConfiguration,org.springframework.boot.autoconfigure.security.SecurityFilterAutoConfiguration,org.springframework.boot.autoconfigure.security.FallbackWebSecurityAutoConfiguration,org.springframework.boot.autoconfigure.security.oauth2.OAuth2AutoConfiguration,org.springframework.boot.autoconfigure.security.oauth2.OAuth2AutoConfiguration
2019-08-29 14:11:43.509  INFO 7228 --- [main] o.s.b.f.s.DefaultListableBeanFactory     : Overriding bean definition for bean 'feignRetryer' with a different definition: replacing [Root bean: class [null]; scope=; abstract=false; lazyInit=false; autowireMode=3; dependencyCheck=0; autowireCandidate=true; primary=false; factoryBeanName=tarestFeignClientConfiguration; factoryMethodName=feignRetryer; initMethodName=null; destroyMethodName=(inferred); defined in class path resource [com/primeton/ptp/tarest/client/impl/feign/TarestFeignClientConfiguration.class]] with [Root bean: class [null]; scope=; abstract=false; lazyInit=false; autowireMode=3; dependencyCheck=0; autowireCandidate=true; primary=false; factoryBeanName=tarestHystrixFeignClientConfiguration; factoryMethodName=feignRetryer; initMethodName=null; destroyMethodName=(inferred); defined in class path resource [com/primeton/ptp/tarest/client/hystrix/impl/feign/TarestHystrixFeignClientConfiguration.class]]
2019-08-29 14:11:43.509  INFO 7228 --- [main] o.s.b.f.s.DefaultListableBeanFactory     : Overriding bean definition for bean 'feignOptions' with a different definition: replacing [Root bean: class [null]; scope=; abstract=false; lazyInit=false; autowireMode=3; dependencyCheck=0; autowireCandidate=true; primary=false; factoryBeanName=tarestFeignClientConfiguration; factoryMethodName=feignOptions; initMethodName=null; destroyMethodName=(inferred); defined in class path resource [com/primeton/ptp/tarest/client/impl/feign/TarestFeignClientConfiguration.class]] with [Root bean: class [null]; scope=; abstract=false; lazyInit=false; autowireMode=3; dependencyCheck=0; autowireCandidate=true; primary=false; factoryBeanName=tarestHystrixFeignClientConfiguration; factoryMethodName=feignOptions; initMethodName=null; destroyMethodName=(inferred); defined in class path resource [com/primeton/ptp/tarest/client/hystrix/impl/feign/TarestHystrixFeignClientConfiguration.class]]
2019-08-29 14:11:43.510  INFO 7228 --- [main] o.s.b.f.s.DefaultListableBeanFactory     : Overriding bean definition for bean 'tarestSecuritySettings' with a different definition: replacing [Generic bean: class [com.primeton.ptp.tarest.core.impl.TarestSecuritySettings]; scope=singleton; abstract=false; lazyInit=false; autowireMode=0; dependencyCheck=0; autowireCandidate=true; primary=false; factoryBeanName=null; factoryMethodName=null; initMethodName=null; destroyMethodName=null; defined in URL [jar:file:/D:/repository/com/primeton/ptp/ptp-tarest-core/8.0.0-SNAPSHOT/ptp-tarest-core-8.0.0-SNAPSHOT.jar!/com/primeton/ptp/tarest/core/impl/TarestSecuritySettings.class]] with [Root bean: class [null]; scope=; abstract=false; lazyInit=false; autowireMode=3; dependencyCheck=0; autowireCandidate=true; primary=false; factoryBeanName=tarestSecurityAutoConfiguration; factoryMethodName=tarestSecuritySettings; initMethodName=null; destroyMethodName=(inferred); defined in class path resource [com/primeton/ptp/tarest/security/autoconfigure/TarestSecurityAutoConfiguration.class]]
2019-08-29 14:11:43.510  INFO 7228 --- [main] .p.p.t.c.a.f.TarestFeignClientsRegistrar : Register tarest client spec: Bean definition with name 'default.com.primeton.eos.Application.TarestFeignClientSpecification' and aliases []: Generic bean: class [com.primeton.ptp.tarest.client.impl.feign.TarestFeignClientSpecificationFactoryBean]; scope=; abstract=false; lazyInit=false; autowireMode=2; dependencyCheck=0; autowireCandidate=true; primary=true; factoryBeanName=null; factoryMethodName=null; initMethodName=null; destroyMethodName=null. Importing class: com.primeton.eos.Application
2019-08-29 14:11:43.985  INFO 7228 --- [main] o.s.c.c.s.GenericScope                   : BeanFactory id=5975031a-aae0-37c7-9417-64260fccc1a8
2019-08-29 14:11:44.010  INFO 7228 --- [main] f.a.AutowiredAnnotationBeanPostProcessor : JSR-330 'javax.inject.Inject' annotation found and supported for autowiring
2019-08-29 14:11:44.026  INFO 7228 --- [main] arestFeignClientSpecificationFactoryBean : com.primeton.ptp.tarest.client.impl.feign.TarestFeignClientSpecificationFactoryBean <init>.
2019-08-29 14:11:44.198  INFO 7228 --- [main] trationDelegate$BeanPostProcessorChecker : Bean 'org.springframework.transaction.annotation.ProxyTransactionManagementConfiguration' of type [org.springframework.transaction.annotation.ProxyTransactionManagementConfiguration$$EnhancerBySpringCGLIB$$e171101] is not eligible for getting processed by all BeanPostProcessors (for example: not eligible for auto-proxying)
2019-08-29 14:11:44.507  INFO 7228 --- [main] arestServiceAnnotationParsePostProcessor : com.primeton.ptp.tarest.server.impl.metadata.TarestServiceAnnotationParsePostProcessor <init>.
2019-08-29 14:11:44.512  INFO 7228 --- [main] .p.p.t.s.a.TarestServerAutoConfiguration : com.primeton.ptp.tarest.server.autoconfigure.TarestServerAutoConfiguration$$EnhancerBySpringCGLIB$$7a9818c5 <init>.
2019-08-29 14:11:44.514  INFO 7228 --- [main] trationDelegate$BeanPostProcessorChecker : Bean 'tarestServerAutoConfiguration' of type [com.primeton.ptp.tarest.server.autoconfigure.TarestServerAutoConfiguration$$EnhancerBySpringCGLIB$$7a9818c5] is not eligible for getting processed by all BeanPostProcessors (for example: not eligible for auto-proxying)
2019-08-29 14:11:44.514  INFO 7228 --- [main] .p.p.t.s.i.TarestServerMetadataProcessor : com.primeton.ptp.tarest.server.impl.TarestServerMetadataProcessor <init>.
2019-08-29 14:11:44.514  INFO 7228 --- [main] c.p.p.t.s.i.TarestServerSettings         : com.primeton.ptp.tarest.server.impl.TarestServerSettings <init>.
2019-08-29 14:11:44.546  INFO 7228 --- [main] trationDelegate$BeanPostProcessorChecker : Bean 'eos.service-com.primeton.ptp.tarest.server.impl.TarestServerSettings' of type [com.primeton.ptp.tarest.server.impl.TarestServerSettings] is not eligible for getting processed by all BeanPostProcessors (for example: not eligible for auto-proxying)
2019-08-29 14:11:44.546  INFO 7228 --- [main] trationDelegate$BeanPostProcessorChecker : Bean 'eos-com.primeton.ptp.boat.core.config.BoatSettings' of type [com.primeton.ptp.boat.core.config.BoatSettings] is not eligible for getting processed by all BeanPostProcessors (for example: not eligible for auto-proxying)
2019-08-29 14:11:44.561  INFO 7228 --- [main] trationDelegate$BeanPostProcessorChecker : Bean 'org.springframework.cloud.netflix.metrics.MetricsInterceptorConfiguration$MetricsRestTemplateConfiguration' of type [org.springframework.cloud.netflix.metrics.MetricsInterceptorConfiguration$MetricsRestTemplateConfiguration$$EnhancerBySpringCGLIB$$4043b742] is not eligible for getting processed by all BeanPostProcessors (for example: not eligible for auto-proxying)
2019-08-29 14:11:44.577  INFO 7228 --- [main] trationDelegate$BeanPostProcessorChecker : Bean 'org.springframework.cloud.autoconfigure.ConfigurationPropertiesRebinderAutoConfiguration' of type [org.springframework.cloud.autoconfigure.ConfigurationPropertiesRebinderAutoConfiguration$$EnhancerBySpringCGLIB$$2a3113fe] is not eligible for getting processed by all BeanPostProcessors (for example: not eligible for auto-proxying)
2019-08-29 14:11:44.940  INFO 7228 --- [main] s.b.c.e.t.TomcatEmbeddedServletContainer : Tomcat initialized with port(s): 8888 (http)
2019-08-29 14:11:44.949  INFO 7228 --- [main] o.a.c.c.StandardService                  : Starting service [Tomcat]
2019-08-29 14:11:44.951  INFO 7228 --- [main] o.a.c.c.StandardEngine                   : Starting Servlet Engine: Apache Tomcat/8.5.27
2019-08-29 14:11:45.119  INFO 7228 --- [localhost-startStop-1] o.a.c.c.C.[.[.[/]                        : Initializing Spring embedded WebApplicationContext
2019-08-29 14:11:45.119  INFO 7228 --- [localhost-startStop-1] o.s.w.c.ContextLoader                    : Root WebApplicationContext: initialization completed in 3749 ms
2019-08-29 14:11:45.135  INFO 7228 --- [localhost-startStop-1] .p.p.t.c.a.TarestClientAutoConfiguration : com.primeton.ptp.tarest.client.autoconfigure.TarestClientAutoConfiguration$$EnhancerBySpringCGLIB$$74c7adc5 <init>.
2019-08-29 14:11:45.166  INFO 7228 --- [localhost-startStop-1] uration$$EnhancerBySpringCGLIB$$8996a3f1 : com.primeton.ptp.tarest.server.autoconfigure.TarestWebMvcConfiguration$$EnhancerBySpringCGLIB$$8996a3f1 <init>.
2019-08-29 14:11:45.182  INFO 7228 --- [localhost-startStop-1] uration$$EnhancerBySpringCGLIB$$6be08385 : com.primeton.ptp.tarest.core.autoconfigure.TarestCoreAutoConfiguration$$EnhancerBySpringCGLIB$$6be08385 <init>.
2019-08-29 14:11:45.182  INFO 7228 --- [localhost-startStop-1] uration$$EnhancerBySpringCGLIB$$6be08385 : Create com.primeton.ptp.tarest.core.impl.TarestApplicationInstance
2019-08-29 14:11:45.213  INFO 7228 --- [localhost-startStop-1] uration$$EnhancerBySpringCGLIB$$8996a3f1 : Create com.primeton.ptp.tarest.server.impl.web.headers.TarestServerHttpHeadersDefaultHandler
2019-08-29 14:11:45.225  INFO 7228 --- [localhost-startStop-1] uration$$EnhancerBySpringCGLIB$$8996a3f1 : Create com.primeton.ptp.tarest.server.impl.web.headers.TarestServerHttpHeadersService
2019-08-29 14:11:45.240  INFO 7228 --- [localhost-startStop-1] uration$$EnhancerBySpringCGLIB$$a3a60165 : com.primeton.ptp.tarest.security.autoconfigure.TarestSecurityAutoConfiguration$$EnhancerBySpringCGLIB$$a3a60165 <init>.
2019-08-29 14:11:45.303  INFO 7228 --- [localhost-startStop-1] uration$$EnhancerBySpringCGLIB$$a3a60165 : Create com.primeton.ptp.tarest.security.impl.filter.TarestMuoHeaderFilter
2019-08-29 14:11:45.635  INFO 7228 --- [localhost-startStop-1] c.p.p.b.c.a.BoatCoreAutoConfiguration    : com.primeton.ptp.boat.core.autoconfigure.BoatCoreAutoConfiguration$$EnhancerBySpringCGLIB$$89c8dcc7 <init>.
2019-08-29 14:11:45.651  INFO 7228 --- [localhost-startStop-1] c.p.p.b.c.a.BoatCoreAutoConfiguration    : Create bean com.primeton.ptp.boat.core.impl.handler.BoatHandlerExceptionResolver
2019-08-29 14:11:45.713  INFO 7228 --- [localhost-startStop-1] o.s.b.w.s.FilterRegistrationBean         : Mapping filter: 'tarestHttpHeadersFilter' to urls: [/*]
2019-08-29 14:11:45.713  INFO 7228 --- [localhost-startStop-1] o.s.b.w.s.FilterRegistrationBean         : Mapping filter: 'metricsFilter' to: [/*]
2019-08-29 14:11:45.713  INFO 7228 --- [localhost-startStop-1] o.s.b.w.s.FilterRegistrationBean         : Mapping filter: 'characterEncodingFilter' to: [/*]
2019-08-29 14:11:45.713  INFO 7228 --- [localhost-startStop-1] o.s.b.w.s.FilterRegistrationBean         : Mapping filter: 'tarestThreadContextHystrixFilter' to urls: [/*]
2019-08-29 14:11:45.713  INFO 7228 --- [localhost-startStop-1] o.s.b.w.s.FilterRegistrationBean         : Mapping filter: 'tarestServerHttpLogFilter' to urls: [/*]
2019-08-29 14:11:45.713  INFO 7228 --- [localhost-startStop-1] o.s.b.w.s.FilterRegistrationBean         : Mapping filter: 'hiddenHttpMethodFilter' to: [/*]
2019-08-29 14:11:45.713  INFO 7228 --- [localhost-startStop-1] o.s.b.w.s.FilterRegistrationBean         : Mapping filter: 'httpPutFormContentFilter' to: [/*]
2019-08-29 14:11:45.713  INFO 7228 --- [localhost-startStop-1] o.s.b.w.s.FilterRegistrationBean         : Mapping filter: 'requestContextFilter' to: [/*]
2019-08-29 14:11:45.713  INFO 7228 --- [localhost-startStop-1] o.s.b.w.s.FilterRegistrationBean         : Mapping filter: 'tarestMuoHeaderFilter' to urls: [/*]
2019-08-29 14:11:45.713  INFO 7228 --- [localhost-startStop-1] o.s.b.w.s.FilterRegistrationBean         : Mapping filter: 'webRequestLoggingFilter' to: [/*]
2019-08-29 14:11:45.713  INFO 7228 --- [localhost-startStop-1] o.s.b.w.s.FilterRegistrationBean         : Mapping filter: 'applicationContextIdFilter' to: [/*]
2019-08-29 14:11:45.713  INFO 7228 --- [localhost-startStop-1] o.s.b.w.s.ServletRegistrationBean        : Mapping servlet: 'dispatcherServlet' to [/]
2019-08-29 14:11:46.374  INFO 7228 --- [main] j.LocalContainerEntityManagerFactoryBean : Building JPA container EntityManagerFactory for persistence unit 'default'
2019-08-29 14:11:46.403  INFO 7228 --- [main] o.h.j.i.u.LogHelper                      : HHH000204: Processing PersistenceUnitInfo [
	name: default
	...]
2019-08-29 14:11:46.490  INFO 7228 --- [main] o.h.Version                              : HHH000412: Hibernate Core {5.0.12.Final}
2019-08-29 14:11:46.492  INFO 7228 --- [main] o.h.c.Environment                        : HHH000206: hibernate.properties not found
2019-08-29 14:11:46.493  INFO 7228 --- [main] o.h.c.Environment                        : HHH000021: Bytecode provider name : javassist
2019-08-29 14:11:46.541  INFO 7228 --- [main] o.h.a.c.Version                          : HCANN000001: Hibernate Commons Annotations {5.0.1.Final}
2019-08-29 14:11:46.697  INFO 7228 --- [main] o.h.d.Dialect                            : HHH000400: Using dialect: org.hibernate.dialect.MySQL5Dialect
2019-08-29 14:11:47.010  INFO 7228 --- [main] j.LocalContainerEntityManagerFactoryBean : Initialized JPA EntityManagerFactory for persistence unit 'default'
2019-08-29 14:11:47.041  INFO 7228 --- [main] uration$$EnhancerBySpringCGLIB$$f1f6e367 : com.primeton.ptp.tarest.client.impl.feign.TarestFeignClientConfiguration$$EnhancerBySpringCGLIB$$f1f6e367 <init>.
2019-08-29 14:11:47.041  INFO 7228 --- [main] c.p.p.t.c.i.TarestClientSettings         : com.primeton.ptp.tarest.client.impl.TarestClientSettings <init>.
2019-08-29 14:11:47.057  INFO 7228 --- [main] uration$$EnhancerBySpringCGLIB$$8f0b4285 : com.primeton.ptp.tarest.client.hystrix.autoconfigure.TarestClientHystrixAutoConfiguration$$EnhancerBySpringCGLIB$$8f0b4285 <init>.
2019-08-29 14:11:47.072  INFO 7228 --- [main] uration$$EnhancerBySpringCGLIB$$3911ea67 : com.primeton.ptp.tarest.client.hystrix.impl.feign.TarestHystrixFeignClientConfiguration$$EnhancerBySpringCGLIB$$3911ea67 <init>.
2019-08-29 14:11:47.072  INFO 7228 --- [main] uration$$EnhancerBySpringCGLIB$$3911ea67 : com.primeton.ptp.tarest.client.hystrix.impl.feign.TarestHystrixFeignClientConfiguration$$EnhancerBySpringCGLIB$$3911ea67 <init>.
2019-08-29 14:11:47.088  INFO 7228 --- [main] Adapter$$EnhancerBySpringCGLIB$$dfff8f09 : com.primeton.ptp.tarest.server.autoconfigure.TarestWebMvcConfiguration$TarestWebMvcConfigurerAdapter$$EnhancerBySpringCGLIB$$dfff8f09 <init>.
2019-08-29 14:11:47.104  INFO 7228 --- [main] c.p.p.t.s.i.w.TarestHandlerChecker       : com.primeton.ptp.tarest.server.impl.web.TarestHandlerChecker <init>.
2019-08-29 14:11:47.104  INFO 7228 --- [main] Adapter$$EnhancerBySpringCGLIB$$7d412255 : com.primeton.ptp.tarest.security.autoconfigure.TarestSecurityAutoConfiguration$TarestSecurityConfigureAdapter$$EnhancerBySpringCGLIB$$7d412255 <init>.
2019-08-29 14:11:47.119  INFO 7228 --- [main] uration$$EnhancerBySpringCGLIB$$a3a60165 : Create com.primeton.ptp.tarest.security.interceptor.TarestFunctionCheckInterceptor
2019-08-29 14:11:47.150  WARN 7228 --- [main] figurationPropertiesBindingPostProcessor : The @ConfigurationProperties bean class com.primeton.iam.config.IAMSecurity$$EnhancerBySpringCGLIB$$73f14fb5 contains validation constraints but had not been annotated with @Validated.
2019-08-29 14:11:47.150  WARN 7228 --- [main] figurationPropertiesBindingPostProcessor : The @ConfigurationProperties bean class com.primeton.iam.config.IAMSecurity$$EnhancerBySpringCGLIB$$73f14fb5 contains validation constraints but had not been annotated with @Validated.
2019-08-29 14:11:47.150  WARN 7228 --- [main] figurationPropertiesBindingPostProcessor : The @ConfigurationProperties bean class com.primeton.iam.config.IAMSecurity$$EnhancerBySpringCGLIB$$73f14fb5 contains validation constraints but had not been annotated with @Validated.
2019-08-29 14:11:47.182  INFO 7228 --- [main] .p.t.c.i.m.TarestServiceMetadataRegistry : com.primeton.ptp.tarest.core.impl.metadata.TarestServiceMetadataRegistry <init>.
2019-08-29 14:11:47.182  INFO 7228 --- [main] .p.t.c.i.m.TarestServiceMetadataRegistry : com.primeton.ptp.tarest.core.impl.metadata.TarestServiceMetadataRegistry <init>.
2019-08-29 14:11:47.197  INFO 7228 --- [main] t.c.i.m.f.TarestFunctionMetadataRegistry : com.primeton.ptp.tarest.core.impl.metadata.function.TarestFunctionMetadataRegistry <init>.
2019-08-29 14:11:47.557  INFO 7228 --- [main] .t.c.i.m.TarestServiceMetadataController : com.primeton.ptp.tarest.core.impl.metadata.TarestServiceMetadataController <init>.
2019-08-29 14:11:47.564  INFO 7228 --- [main] p.t.c.i.m.f.TarestFunctionListController : com.primeton.ptp.tarest.core.impl.metadata.function.TarestFunctionListController <init>.
2019-08-29 14:11:47.564  INFO 7228 --- [main] uration$$EnhancerBySpringCGLIB$$f1f6e367 : Create com.primeton.ptp.tarest.client.impl.feign.headers.TarestFeignErrorDecoder
2019-08-29 14:11:47.580  INFO 7228 --- [main] uration$$EnhancerBySpringCGLIB$$f1f6e367 : Create com.primeton.ptp.tarest.client.impl.feign.headers.TarestFeignHttpHeadersDefaultHandler
2019-08-29 14:11:47.580  INFO 7228 --- [main] uration$$EnhancerBySpringCGLIB$$f1f6e367 : Create com.primeton.ptp.tarest.client.impl.feign.headers.TarestFeignHttpHeadersService
2019-08-29 14:11:47.595  INFO 7228 --- [main] uration$$EnhancerBySpringCGLIB$$3911ea67 : Create feign.Retryer$1
2019-08-29 14:11:47.595  INFO 7228 --- [main] uration$$EnhancerBySpringCGLIB$$3911ea67 : Create feign.Request$Options(10000, 30000)
2019-08-29 14:11:47.595  INFO 7228 --- [main] uration$$EnhancerBySpringCGLIB$$f1f6e367 : Create com.primeton.ptp.tarest.client.impl.feign.headers.TarestFeignHttpHeadersInterceptor
2019-08-29 14:11:47.611  INFO 7228 --- [main] uration$$EnhancerBySpringCGLIB$$f1f6e367 : Using Logger.Level.FULL
2019-08-29 14:11:47.611  INFO 7228 --- [main] .p.p.t.c.a.TarestClientAutoConfiguration : Create com.primeton.ptp.tarest.client.impl.feign.TarestFeignClientSettingsHelper
2019-08-29 14:11:47.627  INFO 7228 --- [main] .p.p.t.c.r.a.RibbonAutoConfigerExtension : init empty route policy
2019-08-29 14:11:47.627  INFO 7228 --- [main] uration$$EnhancerBySpringCGLIB$$3911ea67 : Create com.primeton.ptp.tarest.client.hystrix.impl.feign.TarestHystrixFeignClientConfiguration$1
2019-08-29 14:11:47.627  INFO 7228 --- [main] uration$$EnhancerBySpringCGLIB$$a3a60165 : Create com.primeton.ptp.tarest.security.auth.TarestGatewayRequestHeaderAuthChecker
2019-08-29 14:11:47.627  INFO 7228 --- [main] uration$$EnhancerBySpringCGLIB$$a3a60165 : Create com.primeton.ptp.tarest.security.auth.TarestAppRequestHeaderAuthChecker
2019-08-29 14:11:47.642  INFO 7228 --- [main] arestFeignClientSpecificationFactoryBean : Create TarestFeignClientSpecification [class com.primeton.ptp.tarest.client.impl.feign.TarestFeignClientConfiguration] - app <default.com.primeton.eos.Application>
2019-08-29 14:11:47.705  WARN 7228 --- [main] c.n.c.s.URLConfigurationSource           : No URLs will be polled as dynamic configuration sources.
2019-08-29 14:11:47.705  INFO 7228 --- [main] c.n.c.s.URLConfigurationSource           : To enable URLs as dynamic configuration sources, define System property archaius.configurationSource.additionalUrls or make config.properties available on classpath.
2019-08-29 14:11:47.720  INFO 7228 --- [main] c.n.c.DynamicPropertyFactory             : DynamicPropertyFactory is initialized with configuration sources: com.netflix.config.ConcurrentCompositeConfiguration@5a54d05f
2019-08-29 14:11:47.947  WARN 7228 --- [main] c.n.c.s.URLConfigurationSource           : No URLs will be polled as dynamic configuration sources.
2019-08-29 14:11:47.947  INFO 7228 --- [main] c.n.c.s.URLConfigurationSource           : To enable URLs as dynamic configuration sources, define System property archaius.configurationSource.additionalUrls or make config.properties available on classpath.
2019-08-29 14:11:48.329  INFO 7228 --- [main] s.w.s.m.m.a.RequestMappingHandlerAdapter : Looking for @ControllerAdvice: org.springframework.boot.context.embedded.AnnotationConfigEmbeddedWebApplicationContext@5e39850: startup date [Thu Aug 29 14:11:41 CST 2019]; parent: org.springframework.context.annotation.AnnotationConfigApplicationContext@6aecbb8d
2019-08-29 14:11:48.378  INFO 7228 --- [main] .p.t.c.i.TarestClientWebMvcRegistrations : Create RequestMappingHandlerMapping : com.primeton.ptp.tarest.client.impl.TarestClientRequestMappingHandlerMapping
2019-08-29 14:11:48.387  INFO 7228 --- [main] .p.t.c.i.TarestClientWebMvcRegistrations : Create RequestMappingHandlerMapping : com.primeton.ptp.tarest.client.impl.TarestClientRequestMappingHandlerMapping
2019-08-29 14:11:48.387  WARN 7228 --- [main] Adapter$$EnhancerBySpringCGLIB$$dfff8f09 : Not found any com.primeton.ptp.tarest.server.impl.web.TarestHandlerInterceptor
2019-08-29 14:11:48.387  INFO 7228 --- [main] Adapter$$EnhancerBySpringCGLIB$$7d412255 : add interceptor to registry [com.primeton.ptp.tarest.security.interceptor.TarestFunctionCheckInterceptor ]
2019-08-29 14:11:48.510  INFO 7228 --- [main] TarestClientRequestMappingHandlerMapping : Mapped "{[/h/a],methods=[GET]}" onto public java.lang.String com.primeton.eos.impl.HelloImpl.say()
2019-08-29 14:11:48.510  INFO 7228 --- [main] TarestClientRequestMappingHandlerMapping : Mapped "{[/user/del/{id}],methods=[DELETE]}" onto public int com.primeton.eos.impl.UserServerImpl.delete(java.lang.String)
2019-08-29 14:11:48.510  INFO 7228 --- [main] TarestClientRequestMappingHandlerMapping : Mapped "{[/user/save],methods=[POST]}" onto public int com.primeton.eos.impl.UserServerImpl.save(com.primeton.eos.vo.UserVo)
2019-08-29 14:11:48.510  INFO 7228 --- [main] TarestClientRequestMappingHandlerMapping : Mapped "{[/user/update],methods=[PUT]}" onto public int com.primeton.eos.impl.UserServerImpl.modify(com.primeton.eos.vo.UserVo)
2019-08-29 14:11:48.510  INFO 7228 --- [main] TarestClientRequestMappingHandlerMapping : Mapped "{[/user/get/{id}],methods=[GET]}" onto public com.primeton.eos.vo.UserVo com.primeton.eos.impl.UserServerImpl.findOrderById(java.lang.String)
2019-08-29 14:11:48.510  INFO 7228 --- [main] TarestClientRequestMappingHandlerMapping : Mapped "{[/tarest/services/provided-mappings],methods=[GET]}" onto public org.springframework.http.ResponseEntity<com.primeton.ptp.tarest.core.impl.metadata.TarestServiceMetadata[]> com.primeton.ptp.tarest.core.impl.metadata.TarestServiceMetadataController.listProvidedServices(java.lang.String,java.lang.String,java.lang.String)
2019-08-29 14:11:48.510  INFO 7228 --- [main] TarestClientRequestMappingHandlerMapping : Mapped "{[/tarest/services/consumed-mappings],methods=[GET]}" onto public org.springframework.http.ResponseEntity<com.primeton.ptp.tarest.core.impl.metadata.TarestServiceMetadata[]> com.primeton.ptp.tarest.core.impl.metadata.TarestServiceMetadataController.listConsumedServices(java.lang.String,java.lang.String,java.lang.String)
2019-08-29 14:11:48.510  INFO 7228 --- [main] TarestClientRequestMappingHandlerMapping : Mapped "{[/tarest/services/provided-mappings/exists],methods=[GET]}" onto public org.springframework.http.ResponseEntity<java.lang.Boolean> com.primeton.ptp.tarest.core.impl.metadata.TarestServiceMetadataController.existsProvidedService(java.lang.String,java.lang.String,java.lang.String)
2019-08-29 14:11:48.510  INFO 7228 --- [main] TarestClientRequestMappingHandlerMapping : Mapped "{[/tarest/services/consumed-mappings/exists],methods=[GET]}" onto public org.springframework.http.ResponseEntity<java.lang.Boolean> com.primeton.ptp.tarest.core.impl.metadata.TarestServiceMetadataController.existsConsumedService(java.lang.String,java.lang.String,java.lang.String)
2019-08-29 14:11:48.510  INFO 7228 --- [main] TarestClientRequestMappingHandlerMapping : Mapped "{[/tarest/services/function-mappings],methods=[GET]}" onto public org.springframework.http.ResponseEntity<com.primeton.ptp.tarest.core.impl.metadata.function.TarestFunctionList> com.primeton.ptp.tarest.core.impl.metadata.function.TarestFunctionListController.listConsumedServices()
2019-08-29 14:11:48.510  INFO 7228 --- [main] TarestClientRequestMappingHandlerMapping : Mapped "{[/error]}" onto public org.springframework.http.ResponseEntity<java.util.Map<java.lang.String, java.lang.Object>> org.springframework.boot.autoconfigure.web.BasicErrorController.error(javax.servlet.http.HttpServletRequest)
2019-08-29 14:11:48.510  INFO 7228 --- [main] TarestClientRequestMappingHandlerMapping : Mapped "{[/error],produces=[text/html]}" onto public org.springframework.web.servlet.ModelAndView org.springframework.boot.autoconfigure.web.BasicErrorController.errorHtml(javax.servlet.http.HttpServletRequest,javax.servlet.http.HttpServletResponse)
2019-08-29 14:11:48.557  INFO 7228 --- [main] o.s.w.s.h.SimpleUrlHandlerMapping        : Mapped URL path [/webjars/**] onto handler of type [class org.springframework.web.servlet.resource.ResourceHttpRequestHandler]
2019-08-29 14:11:48.557  INFO 7228 --- [main] o.s.w.s.h.SimpleUrlHandlerMapping        : Mapped URL path [/**] onto handler of type [class org.springframework.web.servlet.resource.ResourceHttpRequestHandler]
2019-08-29 14:11:48.625  INFO 7228 --- [main] o.s.w.s.h.SimpleUrlHandlerMapping        : Mapped URL path [/**/favicon.ico] onto handler of type [class org.springframework.web.servlet.resource.ResourceHttpRequestHandler]
2019-08-29 14:11:49.400  INFO 7228 --- [main] o.s.b.a.e.m.EndpointHandlerMapping       : Mapped "{[/mappings || /mappings.json],methods=[GET],produces=[application/vnd.spring-boot.actuator.v1+json || application/json]}" onto public java.lang.Object org.springframework.boot.actuate.endpoint.mvc.EndpointMvcAdapter.invoke()
2019-08-29 14:11:49.401  INFO 7228 --- [main] o.s.b.a.e.m.EndpointHandlerMapping       : Mapped "{[/refresh || /refresh.json],methods=[POST]}" onto public java.lang.Object org.springframework.cloud.endpoint.GenericPostableMvcEndpoint.invoke()
2019-08-29 14:11:49.401  INFO 7228 --- [main] o.s.b.a.e.m.EndpointHandlerMapping       : Mapped "{[/autoconfig || /autoconfig.json],methods=[GET],produces=[application/vnd.spring-boot.actuator.v1+json || application/json]}" onto public java.lang.Object org.springframework.boot.actuate.endpoint.mvc.EndpointMvcAdapter.invoke()
2019-08-29 14:11:49.402  INFO 7228 --- [main] o.s.b.a.e.m.EndpointHandlerMapping       : Mapped "{[/archaius || /archaius.json],methods=[GET],produces=[application/vnd.spring-boot.actuator.v1+json || application/json]}" onto public java.lang.Object org.springframework.boot.actuate.endpoint.mvc.EndpointMvcAdapter.invoke()
2019-08-29 14:11:49.402  INFO 7228 --- [main] o.s.b.a.e.m.EndpointHandlerMapping       : Mapped "{[/health || /health.json],methods=[GET],produces=[application/vnd.spring-boot.actuator.v1+json || application/json]}" onto public java.lang.Object org.springframework.boot.actuate.endpoint.mvc.HealthMvcEndpoint.invoke(javax.servlet.http.HttpServletRequest,java.security.Principal)
2019-08-29 14:11:49.403  INFO 7228 --- [main] o.s.b.a.e.m.EndpointHandlerMapping       : Mapped "{[/logfile || /logfile.json],methods=[GET || HEAD]}" onto public void org.springframework.boot.actuate.endpoint.mvc.LogFileMvcEndpoint.invoke(javax.servlet.http.HttpServletRequest,javax.servlet.http.HttpServletResponse) throws javax.servlet.ServletException,java.io.IOException
2019-08-29 14:11:49.403  INFO 7228 --- [main] o.s.b.a.e.m.EndpointHandlerMapping       : Mapped "{[/info || /info.json],methods=[GET],produces=[application/vnd.spring-boot.actuator.v1+json || application/json]}" onto public java.lang.Object org.springframework.boot.actuate.endpoint.mvc.EndpointMvcAdapter.invoke()
2019-08-29 14:11:49.403  INFO 7228 --- [main] o.s.b.a.e.m.EndpointHandlerMapping       : Mapped "{[/env],methods=[POST]}" onto public java.lang.Object org.springframework.cloud.context.environment.EnvironmentManagerMvcEndpoint.value(java.util.Map<java.lang.String, java.lang.String>)
2019-08-29 14:11:49.404  INFO 7228 --- [main] o.s.b.a.e.m.EndpointHandlerMapping       : Mapped "{[/env/reset],methods=[POST]}" onto public java.util.Map<java.lang.String, java.lang.Object> org.springframework.cloud.context.environment.EnvironmentManagerMvcEndpoint.reset()
2019-08-29 14:11:49.404  INFO 7228 --- [main] o.s.b.a.e.m.EndpointHandlerMapping       : Mapped "{[/features || /features.json],methods=[GET],produces=[application/vnd.spring-boot.actuator.v1+json || application/json]}" onto public java.lang.Object org.springframework.boot.actuate.endpoint.mvc.EndpointMvcAdapter.invoke()
2019-08-29 14:11:49.405  INFO 7228 --- [main] o.s.b.a.e.m.EndpointHandlerMapping       : Mapped "{[/dump || /dump.json],methods=[GET],produces=[application/vnd.spring-boot.actuator.v1+json || application/json]}" onto public java.lang.Object org.springframework.boot.actuate.endpoint.mvc.EndpointMvcAdapter.invoke()
2019-08-29 14:11:49.405  INFO 7228 --- [main] o.s.b.a.e.m.EndpointHandlerMapping       : Mapped "{[/env/{name:.*}],methods=[GET],produces=[application/vnd.spring-boot.actuator.v1+json || application/json]}" onto public java.lang.Object org.springframework.boot.actuate.endpoint.mvc.EnvironmentMvcEndpoint.value(java.lang.String)
