2019-08-26 13:36:27.675  INFO 3560 --- [main] .p.b.c.i.ApolloConfigEnvironmentResolver : Apollo config hash bean initialized from environment . {} ApolloConfigSettings [cluster=default, env=dev, dataCenter=null, domains={local_meta=http://127.0.0.1:8081, dev_meta=http://127.0.0.1:8081, fat_meta=http://127.0.0.1:8081, uat_meta=http://127.0.0.1:8081, pro_meta=http://127.0.0.1:8081}]
2019-08-26 13:36:27.675  WARN 3560 --- [main] c.c.f.f.i.p.DefaultApplicationProvider   : /META-INF/app.properties not found from classpath!
2019-08-26 13:36:27.675  WARN 3560 --- [main] c.c.f.f.i.p.DefaultApplicationProvider   : app.id is not available from System Property and /META-INF/app.properties. It is set to null
2019-08-26 13:36:27.675  WARN 3560 --- [main] c.c.f.f.i.p.DefaultServerProvider        : C:/opt/settings/server.properties does not exist or is not readable.
2019-08-26 13:36:27.675  WARN 3560 --- [main] c.c.f.f.i.p.DefaultServerProvider        : Environment is set to null. Because it is not available in either (1) JVM system property 'env', (2) OS env variable 'ENV' nor (3) property 'env' from the properties InputStream.
2019-08-26 13:36:27.675  INFO 3560 --- [main] c.p.p.b.c.i.a.BoatProviderManager        : BoatProviderManager <init>
2019-08-26 13:36:27.675  WARN 3560 --- [main] c.c.f.f.i.p.DefaultApplicationProvider   : /META-INF/app.properties not found from classpath!
2019-08-26 13:36:27.675  WARN 3560 --- [main] c.c.f.f.i.p.DefaultApplicationProvider   : app.id is not available from System Property and /META-INF/app.properties. It is set to null
2019-08-26 13:36:27.675  INFO 3560 --- [main] c.p.p.b.c.i.a.BoatApplicationProvider    : App ID is set to project by 'spring.application.name' property from spring environment
2019-08-26 13:36:27.691  WARN 3560 --- [main] c.c.f.f.i.p.DefaultServerProvider        : C:/opt/settings/server.properties does not exist or is not readable.
2019-08-26 13:36:27.691  WARN 3560 --- [main] c.c.f.f.i.p.DefaultServerProvider        : Environment is set to null. Because it is not available in either (1) JVM system property 'env', (2) OS env variable 'ENV' nor (3) property 'env' from the properties InputStream.
2019-08-26 13:36:27.691  INFO 3560 --- [main] c.p.p.b.c.i.a.BoatServerProvider         : Environment is set to [null] by property 'apollo.data-center' in spring environment .
2019-08-26 13:36:27.691  INFO 3560 --- [main] c.p.p.b.c.i.a.BoatServerProvider         : Environment is set to [dev] by property 'apollo.env' in spring environment .
2019-08-26 13:36:27.691  INFO 3560 --- [main] c.p.e.Application                        : No active profile set, falling back to default profiles: default
2019-08-26 13:36:27.706  INFO 3560 --- [main] ationConfigEmbeddedWebApplicationContext : Refreshing org.springframework.boot.context.embedded.AnnotationConfigEmbeddedWebApplicationContext@340b7ef6: startup date [Mon Aug 26 13:36:27 CST 2019]; parent: org.springframework.context.annotation.AnnotationConfigApplicationContext@7c098bb3
2019-08-26 13:36:27.878  INFO 3560 --- [main] c.OAuth2AutoConfigurationExclusionFilter : AutoConfigurationExclusion: org.springframework.boot.autoconfigure.security.SecurityAutoConfiguration,org.springframework.boot.autoconfigure.security.SecurityFilterAutoConfiguration,org.springframework.boot.autoconfigure.security.FallbackWebSecurityAutoConfiguration,org.springframework.boot.autoconfigure.security.oauth2.OAuth2AutoConfiguration,org.springframework.boot.autoconfigure.security.oauth2.OAuth2AutoConfiguration
2019-08-26 13:36:28.238  INFO 3560 --- [main] .p.p.t.c.a.f.TarestFeignClientsRegistrar : Register tarest client spec: Bean definition with name 'default.com.primeton.eos.Application.TarestFeignClientSpecification' and aliases []: Generic bean: class [com.primeton.ptp.tarest.client.impl.feign.TarestFeignClientSpecificationFactoryBean]; scope=; abstract=false; lazyInit=false; autowireMode=2; dependencyCheck=0; autowireCandidate=true; primary=true; factoryBeanName=null; factoryMethodName=null; initMethodName=null; destroyMethodName=null. Importing class: com.primeton.eos.Application
2019-08-26 13:36:28.753  INFO 3560 --- [main] o.s.c.c.s.GenericScope                   : BeanFactory id=05265fb8-4318-3c6a-b057-cda10252bdb8
2019-08-26 13:36:28.770  INFO 3560 --- [main] f.a.AutowiredAnnotationBeanPostProcessor : JSR-330 'javax.inject.Inject' annotation found and supported for autowiring
2019-08-26 13:36:28.785  INFO 3560 --- [main] arestFeignClientSpecificationFactoryBean : com.primeton.ptp.tarest.client.impl.feign.TarestFeignClientSpecificationFactoryBean <init>.
2019-08-26 13:36:28.879  INFO 3560 --- [main] .p.p.t.s.a.TarestServerAutoConfiguration : com.primeton.ptp.tarest.server.autoconfigure.TarestServerAutoConfiguration$$EnhancerBySpringCGLIB$$7d6adcd <init>.
2019-08-26 13:36:28.895  INFO 3560 --- [main] trationDelegate$BeanPostProcessorChecker : Bean 'com.primeton.ptp.tarest.server.autoconfigure.TarestServerAutoConfiguration' of type [com.primeton.ptp.tarest.server.autoconfigure.TarestServerAutoConfiguration$$EnhancerBySpringCGLIB$$7d6adcd] is not eligible for getting processed by all BeanPostProcessors (for example: not eligible for auto-proxying)
2019-08-26 13:36:29.020  INFO 3560 --- [main] .p.p.t.s.i.TarestServerMetadataProcessor : com.primeton.ptp.tarest.server.impl.TarestServerMetadataProcessor <init>.
2019-08-26 13:36:29.020  INFO 3560 --- [main] c.p.p.t.s.i.TarestServerSettings         : com.primeton.ptp.tarest.server.impl.TarestServerSettings <init>.
2019-08-26 13:36:29.051  INFO 3560 --- [main] trationDelegate$BeanPostProcessorChecker : Bean 'eos.service-com.primeton.ptp.tarest.server.impl.TarestServerSettings' of type [com.primeton.ptp.tarest.server.impl.TarestServerSettings] is not eligible for getting processed by all BeanPostProcessors (for example: not eligible for auto-proxying)
2019-08-26 13:36:29.051  INFO 3560 --- [main] trationDelegate$BeanPostProcessorChecker : Bean 'eos-com.primeton.ptp.boat.core.config.BoatSettings' of type [com.primeton.ptp.boat.core.config.BoatSettings] is not eligible for getting processed by all BeanPostProcessors (for example: not eligible for auto-proxying)
2019-08-26 13:36:29.051  INFO 3560 --- [main] .p.p.t.s.a.TarestServerAutoConfiguration : Create com.primeton.ptp.tarest.server.impl.metadata.TarestServiceAnnotationParsePostProcessor
2019-08-26 13:36:29.051  INFO 3560 --- [main] arestServiceAnnotationParsePostProcessor : com.primeton.ptp.tarest.server.impl.metadata.TarestServiceAnnotationParsePostProcessor <init>.
2019-08-26 13:36:29.067  INFO 3560 --- [main] trationDelegate$BeanPostProcessorChecker : Bean 'org.springframework.cloud.netflix.metrics.MetricsInterceptorConfiguration$MetricsRestTemplateConfiguration' of type [org.springframework.cloud.netflix.metrics.MetricsInterceptorConfiguration$MetricsRestTemplateConfiguration$$EnhancerBySpringCGLIB$$cd824c4a] is not eligible for getting processed by all BeanPostProcessors (for example: not eligible for auto-proxying)
2019-08-26 13:36:29.176  INFO 3560 --- [main] trationDelegate$BeanPostProcessorChecker : Bean 'org.springframework.cloud.autoconfigure.ConfigurationPropertiesRebinderAutoConfiguration' of type [org.springframework.cloud.autoconfigure.ConfigurationPropertiesRebinderAutoConfiguration$$EnhancerBySpringCGLIB$$b76fa906] is not eligible for getting processed by all BeanPostProcessors (for example: not eligible for auto-proxying)
2019-08-26 13:36:29.661  INFO 3560 --- [main] s.b.c.e.t.TomcatEmbeddedServletContainer : Tomcat initialized with port(s): 8080 (http)
2019-08-26 13:36:29.692  INFO 3560 --- [main] o.a.c.c.StandardService                  : Starting service [Tomcat]
2019-08-26 13:36:29.692  INFO 3560 --- [main] o.a.c.c.StandardEngine                   : Starting Servlet Engine: Apache Tomcat/8.5.27
2019-08-26 13:36:29.926  INFO 3560 --- [localhost-startStop-1] o.a.c.c.C.[.[.[/]                        : Initializing Spring embedded WebApplicationContext
2019-08-26 13:36:29.926  INFO 3560 --- [localhost-startStop-1] o.s.w.c.ContextLoader                    : Root WebApplicationContext: initialization completed in 2220 ms
2019-08-26 13:36:30.035  INFO 3560 --- [localhost-startStop-1] .p.p.t.c.a.TarestClientAutoConfiguration : com.primeton.ptp.tarest.client.autoconfigure.TarestClientAutoConfiguration$$EnhancerBySpringCGLIB$$20642cd <init>.
2019-08-26 13:36:30.066  INFO 3560 --- [localhost-startStop-1] uration$$EnhancerBySpringCGLIB$$30e4966d : com.primeton.ptp.tarest.security.autoconfigure.TarestSecurityAutoConfiguration$$EnhancerBySpringCGLIB$$30e4966d <init>.
2019-08-26 13:36:30.113  INFO 3560 --- [localhost-startStop-1] uration$$EnhancerBySpringCGLIB$$30e4966d : Create com.primeton.ptp.tarest.security.impl.filter.TarestMuoHeaderFilter
2019-08-26 13:36:30.129  INFO 3560 --- [localhost-startStop-1] uration$$EnhancerBySpringCGLIB$$16d538f9 : com.primeton.ptp.tarest.server.autoconfigure.TarestWebMvcConfiguration$$EnhancerBySpringCGLIB$$16d538f9 <init>.
2019-08-26 13:36:30.129  INFO 3560 --- [localhost-startStop-1] uration$$EnhancerBySpringCGLIB$$f91f188d : com.primeton.ptp.tarest.core.autoconfigure.TarestCoreAutoConfiguration$$EnhancerBySpringCGLIB$$f91f188d <init>.
2019-08-26 13:36:30.144  INFO 3560 --- [localhost-startStop-1] uration$$EnhancerBySpringCGLIB$$f91f188d : Create com.primeton.ptp.tarest.core.impl.TarestApplicationInstance
2019-08-26 13:36:30.176  INFO 3560 --- [localhost-startStop-1] uration$$EnhancerBySpringCGLIB$$16d538f9 : Create com.primeton.ptp.tarest.server.impl.web.headers.TarestServerHttpHeadersDefaultHandler
2019-08-26 13:36:30.191  INFO 3560 --- [localhost-startStop-1] uration$$EnhancerBySpringCGLIB$$16d538f9 : Create com.primeton.ptp.tarest.server.impl.web.headers.TarestServerHttpHeadersService
2019-08-26 13:36:30.394  INFO 3560 --- [localhost-startStop-1] c.p.p.b.c.a.BoatCoreAutoConfiguration    : com.primeton.ptp.boat.core.autoconfigure.BoatCoreAutoConfiguration$$EnhancerBySpringCGLIB$$170771cf <init>.
2019-08-26 13:36:30.410  INFO 3560 --- [localhost-startStop-1] c.p.p.b.c.a.BoatCoreAutoConfiguration    : Create bean com.primeton.ptp.boat.core.impl.handler.BoatHandlerExceptionResolver
2019-08-26 13:36:30.457  INFO 3560 --- [localhost-startStop-1] o.s.b.w.s.FilterRegistrationBean         : Mapping filter: 'tarestHttpHeadersFilter' to urls: [/*]
2019-08-26 13:36:30.457  INFO 3560 --- [localhost-startStop-1] o.s.b.w.s.FilterRegistrationBean         : Mapping filter: 'metricsFilter' to: [/*]
2019-08-26 13:36:30.457  INFO 3560 --- [localhost-startStop-1] o.s.b.w.s.FilterRegistrationBean         : Mapping filter: 'characterEncodingFilter' to: [/*]
2019-08-26 13:36:30.457  INFO 3560 --- [localhost-startStop-1] o.s.b.w.s.FilterRegistrationBean         : Mapping filter: 'tarestThreadContextHystrixFilter' to urls: [/*]
2019-08-26 13:36:30.457  INFO 3560 --- [localhost-startStop-1] o.s.b.w.s.FilterRegistrationBean         : Mapping filter: 'tarestServerHttpLogFilter' to urls: [/*]
2019-08-26 13:36:30.457  INFO 3560 --- [localhost-startStop-1] o.s.b.w.s.FilterRegistrationBean         : Mapping filter: 'hiddenHttpMethodFilter' to: [/*]
2019-08-26 13:36:30.457  INFO 3560 --- [localhost-startStop-1] o.s.b.w.s.FilterRegistrationBean         : Mapping filter: 'httpPutFormContentFilter' to: [/*]
2019-08-26 13:36:30.457  INFO 3560 --- [localhost-startStop-1] o.s.b.w.s.FilterRegistrationBean         : Mapping filter: 'requestContextFilter' to: [/*]
2019-08-26 13:36:30.457  INFO 3560 --- [localhost-startStop-1] o.s.b.w.s.FilterRegistrationBean         : Mapping filter: 'tarestMuoHeaderFilter' to urls: [/*]
2019-08-26 13:36:30.457  INFO 3560 --- [localhost-startStop-1] o.s.b.w.s.FilterRegistrationBean         : Mapping filter: 'webRequestLoggingFilter' to: [/*]
2019-08-26 13:36:30.457  INFO 3560 --- [localhost-startStop-1] o.s.b.w.s.FilterRegistrationBean         : Mapping filter: 'applicationContextIdFilter' to: [/*]
2019-08-26 13:36:30.457  INFO 3560 --- [localhost-startStop-1] o.s.b.w.s.ServletRegistrationBean        : Mapping servlet: 'dispatcherServlet' to [/]
2019-08-26 13:36:30.504  INFO 3560 --- [main] .p.p.t.c.a.TarestClientAutoConfiguration : Create com.primeton.ptp.tarest.client.impl.feign.TarestFeignClientSettingsHelper
2019-08-26 13:36:30.519  INFO 3560 --- [main] c.p.p.t.c.i.TarestClientSettings         : com.primeton.ptp.tarest.client.impl.TarestClientSettings <init>.
2019-08-26 13:36:30.535  INFO 3560 --- [main] arestFeignClientSpecificationFactoryBean : Create TarestFeignClientSpecification [class com.primeton.ptp.tarest.client.impl.feign.TarestFeignClientConfiguration] - app <default.com.primeton.eos.Application>
2019-08-26 13:36:30.582  WARN 3560 --- [main] c.n.c.s.URLConfigurationSource           : No URLs will be polled as dynamic configuration sources.
2019-08-26 13:36:30.582  INFO 3560 --- [main] c.n.c.s.URLConfigurationSource           : To enable URLs as dynamic configuration sources, define System property archaius.configurationSource.additionalUrls or make config.properties available on classpath.
2019-08-26 13:36:30.598  INFO 3560 --- [main] c.n.c.DynamicPropertyFactory             : DynamicPropertyFactory is initialized with configuration sources: com.netflix.config.ConcurrentCompositeConfiguration@77524ca7
2019-08-26 13:36:30.785  WARN 3560 --- [main] c.n.c.s.URLConfigurationSource           : No URLs will be polled as dynamic configuration sources.
2019-08-26 13:36:30.785  INFO 3560 --- [main] c.n.c.s.URLConfigurationSource           : To enable URLs as dynamic configuration sources, define System property archaius.configurationSource.additionalUrls or make config.properties available on classpath.
2019-08-26 13:36:30.832  INFO 3560 --- [main] .p.t.c.i.m.TarestServiceMetadataRegistry : com.primeton.ptp.tarest.core.impl.metadata.TarestServiceMetadataRegistry <init>.
2019-08-26 13:36:30.832  INFO 3560 --- [main] .p.t.c.i.m.TarestServiceMetadataRegistry : com.primeton.ptp.tarest.core.impl.metadata.TarestServiceMetadataRegistry <init>.
2019-08-26 13:36:30.832  INFO 3560 --- [main] t.c.i.m.f.TarestFunctionMetadataRegistry : com.primeton.ptp.tarest.core.impl.metadata.function.TarestFunctionMetadataRegistry <init>.
2019-08-26 13:36:30.879  INFO 3560 --- [main] eAdapter$$EnhancerBySpringCGLIB$$a7fb75d : com.primeton.ptp.tarest.security.autoconfigure.TarestSecurityAutoConfiguration$TarestSecurityConfigureAdapter$$EnhancerBySpringCGLIB$$a7fb75d <init>.
2019-08-26 13:36:30.894  INFO 3560 --- [main] uration$$EnhancerBySpringCGLIB$$30e4966d : Create com.primeton.ptp.tarest.security.interceptor.TarestFunctionCheckInterceptor
2019-08-26 13:36:30.894  INFO 3560 --- [main] Adapter$$EnhancerBySpringCGLIB$$6d3e2411 : com.primeton.ptp.tarest.server.autoconfigure.TarestWebMvcConfiguration$TarestWebMvcConfigurerAdapter$$EnhancerBySpringCGLIB$$6d3e2411 <init>.
2019-08-26 13:36:31.129  INFO 3560 --- [main] s.w.s.m.m.a.RequestMappingHandlerAdapter : Looking for @ControllerAdvice: org.springframework.boot.context.embedded.AnnotationConfigEmbeddedWebApplicationContext@340b7ef6: startup date [Mon Aug 26 13:36:27 CST 2019]; parent: org.springframework.context.annotation.AnnotationConfigApplicationContext@7c098bb3
2019-08-26 13:36:31.190  INFO 3560 --- [main] .p.t.c.i.TarestClientWebMvcRegistrations : Create RequestMappingHandlerMapping : com.primeton.ptp.tarest.client.impl.TarestClientRequestMappingHandlerMapping
2019-08-26 13:36:31.205  INFO 3560 --- [main] .p.t.c.i.TarestClientWebMvcRegistrations : Create RequestMappingHandlerMapping : com.primeton.ptp.tarest.client.impl.TarestClientRequestMappingHandlerMapping
2019-08-26 13:36:31.205  WARN 3560 --- [main] Adapter$$EnhancerBySpringCGLIB$$6d3e2411 : Not found any com.primeton.ptp.tarest.server.impl.web.TarestHandlerInterceptor
2019-08-26 13:36:31.205  INFO 3560 --- [main] eAdapter$$EnhancerBySpringCGLIB$$a7fb75d : add interceptor to registry [com.primeton.ptp.tarest.security.interceptor.TarestFunctionCheckInterceptor ]
2019-08-26 13:36:31.299  INFO 3560 --- [main] TarestClientRequestMappingHandlerMapping : Mapped "{[/error]}" onto public org.springframework.http.ResponseEntity<java.util.Map<java.lang.String, java.lang.Object>> org.springframework.boot.autoconfigure.web.BasicErrorController.error(javax.servlet.http.HttpServletRequest)
2019-08-26 13:36:31.299  INFO 3560 --- [main] TarestClientRequestMappingHandlerMapping : Mapped "{[/error],produces=[text/html]}" onto public org.springframework.web.servlet.ModelAndView org.springframework.boot.autoconfigure.web.BasicErrorController.errorHtml(javax.servlet.http.HttpServletRequest,javax.servlet.http.HttpServletResponse)
2019-08-26 13:36:31.299  INFO 3560 --- [main] TarestClientRequestMappingHandlerMapping : Mapped "{[/tarest/services/consumed-mappings/exists],methods=[GET]}" onto public org.springframework.http.ResponseEntity<java.lang.Boolean> com.primeton.ptp.tarest.core.impl.metadata.TarestServiceMetadataController.existsConsumedService(java.lang.String,java.lang.String,java.lang.String)
2019-08-26 13:36:31.299  INFO 3560 --- [main] TarestClientRequestMappingHandlerMapping : Mapped "{[/tarest/services/provided-mappings/exists],methods=[GET]}" onto public org.springframework.http.ResponseEntity<java.lang.Boolean> com.primeton.ptp.tarest.core.impl.metadata.TarestServiceMetadataController.existsProvidedService(java.lang.String,java.lang.String,java.lang.String)
2019-08-26 13:36:31.299  INFO 3560 --- [main] TarestClientRequestMappingHandlerMapping : Mapped "{[/tarest/services/consumed-mappings],methods=[GET]}" onto public org.springframework.http.ResponseEntity<com.primeton.ptp.tarest.core.impl.metadata.TarestServiceMetadata[]> com.primeton.ptp.tarest.core.impl.metadata.TarestServiceMetadataController.listConsumedServices(java.lang.String,java.lang.String,java.lang.String)
2019-08-26 13:36:31.299  INFO 3560 --- [main] TarestClientRequestMappingHandlerMapping : Mapped "{[/tarest/services/provided-mappings],methods=[GET]}" onto public org.springframework.http.ResponseEntity<com.primeton.ptp.tarest.core.impl.metadata.TarestServiceMetadata[]> com.primeton.ptp.tarest.core.impl.metadata.TarestServiceMetadataController.listProvidedServices(java.lang.String,java.lang.String,java.lang.String)
2019-08-26 13:36:31.299  INFO 3560 --- [main] TarestClientRequestMappingHandlerMapping : Mapped "{[/tarest/services/function-mappings],methods=[GET]}" onto public org.springframework.http.ResponseEntity<com.primeton.ptp.tarest.core.impl.metadata.function.TarestFunctionList> com.primeton.ptp.tarest.core.impl.metadata.function.TarestFunctionListController.listConsumedServices()
2019-08-26 13:36:31.346  INFO 3560 --- [main] o.s.w.s.h.SimpleUrlHandlerMapping        : Mapped URL path [/webjars/**] onto handler of type [class org.springframework.web.servlet.resource.ResourceHttpRequestHandler]
2019-08-26 13:36:31.346  INFO 3560 --- [main] o.s.w.s.h.SimpleUrlHandlerMapping        : Mapped URL path [/**] onto handler of type [class org.springframework.web.servlet.resource.ResourceHttpRequestHandler]
2019-08-26 13:36:31.393  INFO 3560 --- [main] o.s.w.s.h.SimpleUrlHandlerMapping        : Mapped URL path [/**/favicon.ico] onto handler of type [class org.springframework.web.servlet.resource.ResourceHttpRequestHandler]
2019-08-26 13:36:31.518  INFO 3560 --- [main] uration$$EnhancerBySpringCGLIB$$1c49d78d : com.primeton.ptp.tarest.client.hystrix.autoconfigure.TarestClientHystrixAutoConfiguration$$EnhancerBySpringCGLIB$$1c49d78d <init>.
2019-08-26 13:36:31.518  INFO 3560 --- [main] .p.p.t.c.r.a.RibbonAutoConfigerExtension : init empty route policy
2019-08-26 13:36:31.533  INFO 3560 --- [main] uration$$EnhancerBySpringCGLIB$$f91f188d : Create com.primeton.ptp.tarest.core.impl.metadata.TarestServiceMetadataController
2019-08-26 13:36:31.533  INFO 3560 --- [main] .t.c.i.m.TarestServiceMetadataController : com.primeton.ptp.tarest.core.impl.metadata.TarestServiceMetadataController <init>.
2019-08-26 13:36:31.533  INFO 3560 --- [main] uration$$EnhancerBySpringCGLIB$$f91f188d : Create com.primeton.ptp.tarest.core.impl.metadata.function.TarestFunctionListController
2019-08-26 13:36:31.533  INFO 3560 --- [main] p.t.c.i.m.f.TarestFunctionListController : com.primeton.ptp.tarest.core.impl.metadata.function.TarestFunctionListController <init>.
2019-08-26 13:36:31.533  INFO 3560 --- [main] uration$$EnhancerBySpringCGLIB$$30e4966d : Create com.primeton.ptp.tarest.security.auth.TarestGatewayRequestHeaderAuthChecker
2019-08-26 13:36:31.549  INFO 3560 --- [main] uration$$EnhancerBySpringCGLIB$$30e4966d : Create com.primeton.ptp.tarest.security.auth.TarestAppRequestHeaderAuthChecker
2019-08-26 13:36:31.549  INFO 3560 --- [main] uration$$EnhancerBySpringCGLIB$$16d538f9 : Create com.primeton.ptp.tarest.server.impl.web.TarestHandlerChecker
2019-08-26 13:36:31.549  INFO 3560 --- [main] c.p.p.t.s.i.w.TarestHandlerChecker       : com.primeton.ptp.tarest.server.impl.web.TarestHandlerChecker <init>.
2019-08-26 13:36:33.362  INFO 3560 --- [main] o.s.b.a.e.m.EndpointHandlerMapping       : Mapped "{[/info || /info.json],methods=[GET],produces=[application/vnd.spring-boot.actuator.v1+json || application/json]}" onto public java.lang.Object org.springframework.boot.actuate.endpoint.mvc.EndpointMvcAdapter.invoke()
2019-08-26 13:36:33.362  INFO 3560 --- [main] o.s.b.a.e.m.EndpointHandlerMapping       : Mapped "{[/env/{name:.*}],methods=[GET],produces=[application/vnd.spring-boot.actuator.v1+json || application/json]}" onto public java.lang.Object org.springframework.boot.actuate.endpoint.mvc.EnvironmentMvcEndpoint.value(java.lang.String)
2019-08-26 13:36:33.362  INFO 3560 --- [main] o.s.b.a.e.m.EndpointHandlerMapping       : Mapped "{[/env || /env.json],methods=[GET],produces=[application/vnd.spring-boot.actuator.v1+json || application/json]}" onto public java.lang.Object org.springframework.boot.actuate.endpoint.mvc.EndpointMvcAdapter.invoke()
2019-08-26 13:36:33.362  INFO 3560 --- [main] o.s.b.a.e.m.EndpointHandlerMapping       : Mapped "{[/metrics/{name:.*}],methods=[GET],produces=[application/vnd.spring-boot.actuator.v1+json || application/json]}" onto public java.lang.Object org.springframework.boot.actuate.endpoint.mvc.MetricsMvcEndpoint.value(java.lang.String)
2019-08-26 13:36:33.362  INFO 3560 --- [main] o.s.b.a.e.m.EndpointHandlerMapping       : Mapped "{[/metrics || /metrics.json],methods=[GET],produces=[application/vnd.spring-boot.actuator.v1+json || application/json]}" onto public java.lang.Object org.springframework.boot.actuate.endpoint.mvc.EndpointMvcAdapter.invoke()
2019-08-26 13:36:33.362  INFO 3560 --- [main] o.s.b.a.e.m.EndpointHandlerMapping       : Mapped "{[/mappings || /mappings.json],methods=[GET],produces=[application/vnd.spring-boot.actuator.v1+json || application/json]}" onto public java.lang.Object org.springframework.boot.actuate.endpoint.mvc.EndpointMvcAdapter.invoke()
2019-08-26 13:36:33.362  INFO 3560 --- [main] o.s.b.a.e.m.EndpointHandlerMapping       : Mapped "{[/auditevents || /auditevents.json],methods=[GET],produces=[application/vnd.spring-boot.actuator.v1+json || application/json]}" onto public org.springframework.http.ResponseEntity<?> org.springframework.boot.actuate.endpoint.mvc.AuditEventsMvcEndpoint.findByPrincipalAndAfterAndType(java.lang.String,java.util.Date,java.lang.String)
2019-08-26 13:36:33.362  INFO 3560 --- [main] o.s.b.a.e.m.EndpointHandlerMapping       : Mapped "{[/refresh || /refresh.json],methods=[POST]}" onto public java.lang.Object org.springframework.cloud.endpoint.GenericPostableMvcEndpoint.invoke()
2019-08-26 13:36:33.371  INFO 3560 --- [main] o.s.b.a.e.m.EndpointHandlerMapping       : Mapped "{[/dump || /dump.json],methods=[GET],produces=[application/vnd.spring-boot.actuator.v1+json || application/json]}" onto public java.lang.Object org.springframework.boot.actuate.endpoint.mvc.EndpointMvcAdapter.invoke()
2019-08-26 13:36:33.371  INFO 3560 --- [main] o.s.b.a.e.m.EndpointHandlerMapping       : Mapped "{[/hystrix.stream/**]}" onto public org.springframework.web.servlet.ModelAndView org.springframework.cloud.netflix.endpoint.ServletWrappingEndpoint.handle(javax.servlet.http.HttpServletRequest,javax.servlet.http.HttpServletResponse) throws java.lang.Exception
2019-08-26 16:08:26.335  INFO 1400 --- [main] .p.b.c.i.ApolloConfigEnvironmentResolver : Apollo config hash bean initialized from environment . {} ApolloConfigSettings [cluster=default, env=dev, dataCenter=null, domains={local_meta=http://127.0.0.1:8081, dev_meta=http://127.0.0.1:8081, fat_meta=http://127.0.0.1:8081, uat_meta=http://127.0.0.1:8081, pro_meta=http://127.0.0.1:8081}]
2019-08-26 16:08:26.335  WARN 1400 --- [main] c.c.f.f.i.p.DefaultApplicationProvider   : /META-INF/app.properties not found from classpath!
2019-08-26 16:08:26.335  WARN 1400 --- [main] c.c.f.f.i.p.DefaultApplicationProvider   : app.id is not available from System Property and /META-INF/app.properties. It is set to null
2019-08-26 16:08:26.335  WARN 1400 --- [main] c.c.f.f.i.p.DefaultServerProvider        : C:/opt/settings/server.properties does not exist or is not readable.
2019-08-26 16:08:26.335  WARN 1400 --- [main] c.c.f.f.i.p.DefaultServerProvider        : Environment is set to null. Because it is not available in either (1) JVM system property 'env', (2) OS env variable 'ENV' nor (3) property 'env' from the properties InputStream.
2019-08-26 16:08:26.335  INFO 1400 --- [main] c.p.p.b.c.i.a.BoatProviderManager        : BoatProviderManager <init>
2019-08-26 16:08:26.335  WARN 1400 --- [main] c.c.f.f.i.p.DefaultApplicationProvider   : /META-INF/app.properties not found from classpath!
2019-08-26 16:08:26.335  WARN 1400 --- [main] c.c.f.f.i.p.DefaultApplicationProvider   : app.id is not available from System Property and /META-INF/app.properties. It is set to null
2019-08-26 16:08:26.335  INFO 1400 --- [main] c.p.p.b.c.i.a.BoatApplicationProvider    : App ID is set to project by 'spring.application.name' property from spring environment
2019-08-26 16:08:26.335  WARN 1400 --- [main] c.c.f.f.i.p.DefaultServerProvider        : C:/opt/settings/server.properties does not exist or is not readable.
2019-08-26 16:08:26.335  WARN 1400 --- [main] c.c.f.f.i.p.DefaultServerProvider        : Environment is set to null. Because it is not available in either (1) JVM system property 'env', (2) OS env variable 'ENV' nor (3) property 'env' from the properties InputStream.
2019-08-26 16:08:26.335  INFO 1400 --- [main] c.p.p.b.c.i.a.BoatServerProvider         : Environment is set to [null] by property 'apollo.data-center' in spring environment .
2019-08-26 16:08:26.335  INFO 1400 --- [main] c.p.p.b.c.i.a.BoatServerProvider         : Environment is set to [dev] by property 'apollo.env' in spring environment .
2019-08-26 16:08:26.335  INFO 1400 --- [main] c.p.e.Application                        : No active profile set, falling back to default profiles: default
2019-08-26 16:08:26.366  INFO 1400 --- [main] ationConfigEmbeddedWebApplicationContext : Refreshing org.springframework.boot.context.embedded.AnnotationConfigEmbeddedWebApplicationContext@340b7ef6: startup date [Mon Aug 26 16:08:26 CST 2019]; parent: org.springframework.context.annotation.AnnotationConfigApplicationContext@7c098bb3
2019-08-26 16:08:26.554  INFO 1400 --- [main] c.OAuth2AutoConfigurationExclusionFilter : AutoConfigurationExclusion: org.springframework.boot.autoconfigure.security.SecurityAutoConfiguration,org.springframework.boot.autoconfigure.security.SecurityFilterAutoConfiguration,org.springframework.boot.autoconfigure.security.FallbackWebSecurityAutoConfiguration,org.springframework.boot.autoconfigure.security.oauth2.OAuth2AutoConfiguration,org.springframework.boot.autoconfigure.security.oauth2.OAuth2AutoConfiguration
2019-08-26 16:08:26.882  INFO 1400 --- [main] .p.p.t.c.a.f.TarestFeignClientsRegistrar : Register tarest client spec: Bean definition with name 'default.com.primeton.eos.Application.TarestFeignClientSpecification' and aliases []: Generic bean: class [com.primeton.ptp.tarest.client.impl.feign.TarestFeignClientSpecificationFactoryBean]; scope=; abstract=false; lazyInit=false; autowireMode=2; dependencyCheck=0; autowireCandidate=true; primary=true; factoryBeanName=null; factoryMethodName=null; initMethodName=null; destroyMethodName=null. Importing class: com.primeton.eos.Application
2019-08-26 16:08:27.355  INFO 1400 --- [main] o.s.c.c.s.GenericScope                   : BeanFactory id=f1210c73-0e0d-3310-ab98-0db12786bbbc
2019-08-26 16:08:27.386  INFO 1400 --- [main] f.a.AutowiredAnnotationBeanPostProcessor : JSR-330 'javax.inject.Inject' annotation found and supported for autowiring
2019-08-26 16:08:27.402  INFO 1400 --- [main] arestFeignClientSpecificationFactoryBean : com.primeton.ptp.tarest.client.impl.feign.TarestFeignClientSpecificationFactoryBean <init>.
2019-08-26 16:08:27.527  INFO 1400 --- [main] .p.p.t.s.a.TarestServerAutoConfiguration : com.primeton.ptp.tarest.server.autoconfigure.TarestServerAutoConfiguration$$EnhancerBySpringCGLIB$$7d6adcd <init>.
2019-08-26 16:08:27.527  INFO 1400 --- [main] trationDelegate$BeanPostProcessorChecker : Bean 'com.primeton.ptp.tarest.server.autoconfigure.TarestServerAutoConfiguration' of type [com.primeton.ptp.tarest.server.autoconfigure.TarestServerAutoConfiguration$$EnhancerBySpringCGLIB$$7d6adcd] is not eligible for getting processed by all BeanPostProcessors (for example: not eligible for auto-proxying)
2019-08-26 16:08:27.668  INFO 1400 --- [main] .p.p.t.s.i.TarestServerMetadataProcessor : com.primeton.ptp.tarest.server.impl.TarestServerMetadataProcessor <init>.
2019-08-26 16:08:27.668  INFO 1400 --- [main] c.p.p.t.s.i.TarestServerSettings         : com.primeton.ptp.tarest.server.impl.TarestServerSettings <init>.
2019-08-26 16:08:27.683  INFO 1400 --- [main] trationDelegate$BeanPostProcessorChecker : Bean 'eos.service-com.primeton.ptp.tarest.server.impl.TarestServerSettings' of type [com.primeton.ptp.tarest.server.impl.TarestServerSettings] is not eligible for getting processed by all BeanPostProcessors (for example: not eligible for auto-proxying)
2019-08-26 16:08:27.683  INFO 1400 --- [main] trationDelegate$BeanPostProcessorChecker : Bean 'eos-com.primeton.ptp.boat.core.config.BoatSettings' of type [com.primeton.ptp.boat.core.config.BoatSettings] is not eligible for getting processed by all BeanPostProcessors (for example: not eligible for auto-proxying)
2019-08-26 16:08:27.746  INFO 1400 --- [main] .p.p.t.s.a.TarestServerAutoConfiguration : Create com.primeton.ptp.tarest.server.impl.metadata.TarestServiceAnnotationParsePostProcessor
2019-08-26 16:08:27.746  INFO 1400 --- [main] arestServiceAnnotationParsePostProcessor : com.primeton.ptp.tarest.server.impl.metadata.TarestServiceAnnotationParsePostProcessor <init>.
2019-08-26 16:08:27.761  INFO 1400 --- [main] trationDelegate$BeanPostProcessorChecker : Bean 'org.springframework.cloud.netflix.metrics.MetricsInterceptorConfiguration$MetricsRestTemplateConfiguration' of type [org.springframework.cloud.netflix.metrics.MetricsInterceptorConfiguration$MetricsRestTemplateConfiguration$$EnhancerBySpringCGLIB$$cd824c4a] is not eligible for getting processed by all BeanPostProcessors (for example: not eligible for auto-proxying)
2019-08-26 16:08:27.777  INFO 1400 --- [main] trationDelegate$BeanPostProcessorChecker : Bean 'org.springframework.cloud.autoconfigure.ConfigurationPropertiesRebinderAutoConfiguration' of type [org.springframework.cloud.autoconfigure.ConfigurationPropertiesRebinderAutoConfiguration$$EnhancerBySpringCGLIB$$b76fa906] is not eligible for getting processed by all BeanPostProcessors (for example: not eligible for auto-proxying)
2019-08-26 16:08:28.074  INFO 1400 --- [main] s.b.c.e.t.TomcatEmbeddedServletContainer : Tomcat initialized with port(s): 8080 (http)
2019-08-26 16:08:28.090  INFO 1400 --- [main] o.a.c.c.StandardService                  : Starting service [Tomcat]
2019-08-26 16:08:28.090  INFO 1400 --- [main] o.a.c.c.StandardEngine                   : Starting Servlet Engine: Apache Tomcat/8.5.27
2019-08-26 16:08:28.246  INFO 1400 --- [localhost-startStop-1] o.a.c.c.C.[.[.[/]                        : Initializing Spring embedded WebApplicationContext
2019-08-26 16:08:28.246  INFO 1400 --- [localhost-startStop-1] o.s.w.c.ContextLoader                    : Root WebApplicationContext: initialization completed in 1880 ms
2019-08-26 16:08:28.371  INFO 1400 --- [localhost-startStop-1] .p.p.t.c.a.TarestClientAutoConfiguration : com.primeton.ptp.tarest.client.autoconfigure.TarestClientAutoConfiguration$$EnhancerBySpringCGLIB$$20642cd <init>.
2019-08-26 16:08:28.387  INFO 1400 --- [localhost-startStop-1] uration$$EnhancerBySpringCGLIB$$30e4966d : com.primeton.ptp.tarest.security.autoconfigure.TarestSecurityAutoConfiguration$$EnhancerBySpringCGLIB$$30e4966d <init>.
2019-08-26 16:08:28.450  INFO 1400 --- [localhost-startStop-1] uration$$EnhancerBySpringCGLIB$$30e4966d : Create com.primeton.ptp.tarest.security.impl.filter.TarestMuoHeaderFilter
2019-08-26 16:08:28.450  INFO 1400 --- [localhost-startStop-1] uration$$EnhancerBySpringCGLIB$$16d538f9 : com.primeton.ptp.tarest.server.autoconfigure.TarestWebMvcConfiguration$$EnhancerBySpringCGLIB$$16d538f9 <init>.
2019-08-26 16:08:28.465  INFO 1400 --- [localhost-startStop-1] uration$$EnhancerBySpringCGLIB$$f91f188d : com.primeton.ptp.tarest.core.autoconfigure.TarestCoreAutoConfiguration$$EnhancerBySpringCGLIB$$f91f188d <init>.
2019-08-26 16:08:28.465  INFO 1400 --- [localhost-startStop-1] uration$$EnhancerBySpringCGLIB$$f91f188d : Create com.primeton.ptp.tarest.core.impl.TarestApplicationInstance
2019-08-26 16:08:28.512  INFO 1400 --- [localhost-startStop-1] uration$$EnhancerBySpringCGLIB$$16d538f9 : Create com.primeton.ptp.tarest.server.impl.web.headers.TarestServerHttpHeadersDefaultHandler
2019-08-26 16:08:28.528  INFO 1400 --- [localhost-startStop-1] uration$$EnhancerBySpringCGLIB$$16d538f9 : Create com.primeton.ptp.tarest.server.impl.web.headers.TarestServerHttpHeadersService
2019-08-26 16:08:28.700  INFO 1400 --- [localhost-startStop-1] c.p.p.b.c.a.BoatCoreAutoConfiguration    : com.primeton.ptp.boat.core.autoconfigure.BoatCoreAutoConfiguration$$EnhancerBySpringCGLIB$$170771cf <init>.
2019-08-26 16:08:28.715  INFO 1400 --- [localhost-startStop-1] c.p.p.b.c.a.BoatCoreAutoConfiguration    : Create bean com.primeton.ptp.boat.core.impl.handler.BoatHandlerExceptionResolver
2019-08-26 16:08:28.762  INFO 1400 --- [localhost-startStop-1] o.s.b.w.s.FilterRegistrationBean         : Mapping filter: 'tarestHttpHeadersFilter' to urls: [/*]
2019-08-26 16:08:28.762  INFO 1400 --- [localhost-startStop-1] o.s.b.w.s.FilterRegistrationBean         : Mapping filter: 'metricsFilter' to: [/*]
2019-08-26 16:08:28.762  INFO 1400 --- [localhost-startStop-1] o.s.b.w.s.FilterRegistrationBean         : Mapping filter: 'characterEncodingFilter' to: [/*]
2019-08-26 16:08:28.762  INFO 1400 --- [localhost-startStop-1] o.s.b.w.s.FilterRegistrationBean         : Mapping filter: 'tarestThreadContextHystrixFilter' to urls: [/*]
2019-08-26 16:08:28.762  INFO 1400 --- [localhost-startStop-1] o.s.b.w.s.FilterRegistrationBean         : Mapping filter: 'tarestServerHttpLogFilter' to urls: [/*]
2019-08-26 16:08:28.762  INFO 1400 --- [localhost-startStop-1] o.s.b.w.s.FilterRegistrationBean         : Mapping filter: 'hiddenHttpMethodFilter' to: [/*]
2019-08-26 16:08:28.762  INFO 1400 --- [localhost-startStop-1] o.s.b.w.s.FilterRegistrationBean         : Mapping filter: 'httpPutFormContentFilter' to: [/*]
2019-08-26 16:08:28.762  INFO 1400 --- [localhost-startStop-1] o.s.b.w.s.FilterRegistrationBean         : Mapping filter: 'requestContextFilter' to: [/*]
2019-08-26 16:08:28.762  INFO 1400 --- [localhost-startStop-1] o.s.b.w.s.FilterRegistrationBean         : Mapping filter: 'tarestMuoHeaderFilter' to urls: [/*]
2019-08-26 16:08:28.762  INFO 1400 --- [localhost-startStop-1] o.s.b.w.s.FilterRegistrationBean         : Mapping filter: 'webRequestLoggingFilter' to: [/*]
2019-08-26 16:08:28.762  INFO 1400 --- [localhost-startStop-1] o.s.b.w.s.FilterRegistrationBean         : Mapping filter: 'applicationContextIdFilter' to: [/*]
2019-08-26 16:08:28.762  INFO 1400 --- [localhost-startStop-1] o.s.b.w.s.ServletRegistrationBean        : Mapping servlet: 'dispatcherServlet' to [/]
2019-08-26 16:08:28.809  INFO 1400 --- [main] .p.t.c.i.m.TarestServiceMetadataRegistry : com.primeton.ptp.tarest.core.impl.metadata.TarestServiceMetadataRegistry <init>.
2019-08-26 16:08:28.809  INFO 1400 --- [main] .p.t.c.i.m.TarestServiceMetadataRegistry : com.primeton.ptp.tarest.core.impl.metadata.TarestServiceMetadataRegistry <init>.
2019-08-26 16:08:28.825  INFO 1400 --- [main] t.c.i.m.f.TarestFunctionMetadataRegistry : com.primeton.ptp.tarest.core.impl.metadata.function.TarestFunctionMetadataRegistry <init>.
2019-08-26 16:08:28.840  INFO 1400 --- [main] .p.p.t.c.a.TarestClientAutoConfiguration : Create com.primeton.ptp.tarest.client.impl.feign.TarestFeignClientSettingsHelper
2019-08-26 16:08:28.840  INFO 1400 --- [main] c.p.p.t.c.i.TarestClientSettings         : com.primeton.ptp.tarest.client.impl.TarestClientSettings <init>.
2019-08-26 16:08:28.856  INFO 1400 --- [main] arestFeignClientSpecificationFactoryBean : Create TarestFeignClientSpecification [class com.primeton.ptp.tarest.client.impl.feign.TarestFeignClientConfiguration] - app <default.com.primeton.eos.Application>
2019-08-26 16:08:28.903  WARN 1400 --- [main] c.n.c.s.URLConfigurationSource           : No URLs will be polled as dynamic configuration sources.
2019-08-26 16:08:28.903  INFO 1400 --- [main] c.n.c.s.URLConfigurationSource           : To enable URLs as dynamic configuration sources, define System property archaius.configurationSource.additionalUrls or make config.properties available on classpath.
2019-08-26 16:08:28.918  INFO 1400 --- [main] c.n.c.DynamicPropertyFactory             : DynamicPropertyFactory is initialized with configuration sources: com.netflix.config.ConcurrentCompositeConfiguration@b30a50d
2019-08-26 16:08:29.106  WARN 1400 --- [main] c.n.c.s.URLConfigurationSource           : No URLs will be polled as dynamic configuration sources.
2019-08-26 16:08:29.106  INFO 1400 --- [main] c.n.c.s.URLConfigurationSource           : To enable URLs as dynamic configuration sources, define System property archaius.configurationSource.additionalUrls or make config.properties available on classpath.
2019-08-26 16:08:29.204  INFO 1400 --- [main] eAdapter$$EnhancerBySpringCGLIB$$a7fb75d : com.primeton.ptp.tarest.security.autoconfigure.TarestSecurityAutoConfiguration$TarestSecurityConfigureAdapter$$EnhancerBySpringCGLIB$$a7fb75d <init>.
2019-08-26 16:08:29.220  INFO 1400 --- [main] uration$$EnhancerBySpringCGLIB$$30e4966d : Create com.primeton.ptp.tarest.security.interceptor.TarestFunctionCheckInterceptor
2019-08-26 16:08:29.220  INFO 1400 --- [main] Adapter$$EnhancerBySpringCGLIB$$6d3e2411 : com.primeton.ptp.tarest.server.autoconfigure.TarestWebMvcConfiguration$TarestWebMvcConfigurerAdapter$$EnhancerBySpringCGLIB$$6d3e2411 <init>.
2019-08-26 16:08:29.470  INFO 1400 --- [main] s.w.s.m.m.a.RequestMappingHandlerAdapter : Looking for @ControllerAdvice: org.springframework.boot.context.embedded.AnnotationConfigEmbeddedWebApplicationContext@340b7ef6: startup date [Mon Aug 26 16:08:26 CST 2019]; parent: org.springframework.context.annotation.AnnotationConfigApplicationContext@7c098bb3
2019-08-26 16:08:29.501  INFO 1400 --- [main] .p.t.c.i.TarestClientWebMvcRegistrations : Create RequestMappingHandlerMapping : com.primeton.ptp.tarest.client.impl.TarestClientRequestMappingHandlerMapping
2019-08-26 16:08:29.517  INFO 1400 --- [main] .p.t.c.i.TarestClientWebMvcRegistrations : Create RequestMappingHandlerMapping : com.primeton.ptp.tarest.client.impl.TarestClientRequestMappingHandlerMapping
2019-08-26 16:08:29.517  WARN 1400 --- [main] Adapter$$EnhancerBySpringCGLIB$$6d3e2411 : Not found any com.primeton.ptp.tarest.server.impl.web.TarestHandlerInterceptor
2019-08-26 16:08:29.517  INFO 1400 --- [main] eAdapter$$EnhancerBySpringCGLIB$$a7fb75d : add interceptor to registry [com.primeton.ptp.tarest.security.interceptor.TarestFunctionCheckInterceptor ]
2019-08-26 16:08:29.611  INFO 1400 --- [main] TarestClientRequestMappingHandlerMapping : Mapped "{[/error]}" onto public org.springframework.http.ResponseEntity<java.util.Map<java.lang.String, java.lang.Object>> org.springframework.boot.autoconfigure.web.BasicErrorController.error(javax.servlet.http.HttpServletRequest)
2019-08-26 16:08:29.611  INFO 1400 --- [main] TarestClientRequestMappingHandlerMapping : Mapped "{[/error],produces=[text/html]}" onto public org.springframework.web.servlet.ModelAndView org.springframework.boot.autoconfigure.web.BasicErrorController.errorHtml(javax.servlet.http.HttpServletRequest,javax.servlet.http.HttpServletResponse)
2019-08-26 16:08:29.611  INFO 1400 --- [main] TarestClientRequestMappingHandlerMapping : Mapped "{[/tarest/services/consumed-mappings],methods=[GET]}" onto public org.springframework.http.ResponseEntity<com.primeton.ptp.tarest.core.impl.metadata.TarestServiceMetadata[]> com.primeton.ptp.tarest.core.impl.metadata.TarestServiceMetadataController.listConsumedServices(java.lang.String,java.lang.String,java.lang.String)
2019-08-26 16:08:29.611  INFO 1400 --- [main] TarestClientRequestMappingHandlerMapping : Mapped "{[/tarest/services/consumed-mappings/exists],methods=[GET]}" onto public org.springframework.http.ResponseEntity<java.lang.Boolean> com.primeton.ptp.tarest.core.impl.metadata.TarestServiceMetadataController.existsConsumedService(java.lang.String,java.lang.String,java.lang.String)
2019-08-26 16:08:29.611  INFO 1400 --- [main] TarestClientRequestMappingHandlerMapping : Mapped "{[/tarest/services/provided-mappings/exists],methods=[GET]}" onto public org.springframework.http.ResponseEntity<java.lang.Boolean> com.primeton.ptp.tarest.core.impl.metadata.TarestServiceMetadataController.existsProvidedService(java.lang.String,java.lang.String,java.lang.String)
2019-08-26 16:08:29.611  INFO 1400 --- [main] TarestClientRequestMappingHandlerMapping : Mapped "{[/tarest/services/provided-mappings],methods=[GET]}" onto public org.springframework.http.ResponseEntity<com.primeton.ptp.tarest.core.impl.metadata.TarestServiceMetadata[]> com.primeton.ptp.tarest.core.impl.metadata.TarestServiceMetadataController.listProvidedServices(java.lang.String,java.lang.String,java.lang.String)
2019-08-26 16:08:29.611  INFO 1400 --- [main] TarestClientRequestMappingHandlerMapping : Mapped "{[/tarest/services/function-mappings],methods=[GET]}" onto public org.springframework.http.ResponseEntity<com.primeton.ptp.tarest.core.impl.metadata.function.TarestFunctionList> com.primeton.ptp.tarest.core.impl.metadata.function.TarestFunctionListController.listConsumedServices()
2019-08-26 16:08:29.673  INFO 1400 --- [main] o.s.w.s.h.SimpleUrlHandlerMapping        : Mapped URL path [/webjars/**] onto handler of type [class org.springframework.web.servlet.resource.ResourceHttpRequestHandler]
2019-08-26 16:08:29.673  INFO 1400 --- [main] o.s.w.s.h.SimpleUrlHandlerMapping        : Mapped URL path [/**] onto handler of type [class org.springframework.web.servlet.resource.ResourceHttpRequestHandler]
2019-08-26 16:08:29.720  INFO 1400 --- [main] o.s.w.s.h.SimpleUrlHandlerMapping        : Mapped URL path [/**/favicon.ico] onto handler of type [class org.springframework.web.servlet.resource.ResourceHttpRequestHandler]
2019-08-26 16:08:29.861  INFO 1400 --- [main] uration$$EnhancerBySpringCGLIB$$1c49d78d : com.primeton.ptp.tarest.client.hystrix.autoconfigure.TarestClientHystrixAutoConfiguration$$EnhancerBySpringCGLIB$$1c49d78d <init>.
2019-08-26 16:08:29.876  INFO 1400 --- [main] .p.p.t.c.r.a.RibbonAutoConfigerExtension : init empty route policy
2019-08-26 16:08:29.892  INFO 1400 --- [main] uration$$EnhancerBySpringCGLIB$$f91f188d : Create com.primeton.ptp.tarest.core.impl.metadata.TarestServiceMetadataController
2019-08-26 16:08:29.892  INFO 1400 --- [main] .t.c.i.m.TarestServiceMetadataController : com.primeton.ptp.tarest.core.impl.metadata.TarestServiceMetadataController <init>.
2019-08-26 16:08:29.892  INFO 1400 --- [main] uration$$EnhancerBySpringCGLIB$$f91f188d : Create com.primeton.ptp.tarest.core.impl.metadata.function.TarestFunctionListController
2019-08-26 16:08:29.892  INFO 1400 --- [main] p.t.c.i.m.f.TarestFunctionListController : com.primeton.ptp.tarest.core.impl.metadata.function.TarestFunctionListController <init>.
2019-08-26 16:08:29.892  INFO 1400 --- [main] uration$$EnhancerBySpringCGLIB$$30e4966d : Create com.primeton.ptp.tarest.security.auth.TarestGatewayRequestHeaderAuthChecker
2019-08-26 16:08:29.907  INFO 1400 --- [main] uration$$EnhancerBySpringCGLIB$$30e4966d : Create com.primeton.ptp.tarest.security.auth.TarestAppRequestHeaderAuthChecker
2019-08-26 16:08:29.907  INFO 1400 --- [main] uration$$EnhancerBySpringCGLIB$$16d538f9 : Create com.primeton.ptp.tarest.server.impl.web.TarestHandlerChecker
2019-08-26 16:08:29.907  INFO 1400 --- [main] c.p.p.t.s.i.w.TarestHandlerChecker       : com.primeton.ptp.tarest.server.impl.web.TarestHandlerChecker <init>.
2019-08-26 16:08:30.361  INFO 1400 --- [main] o.s.b.a.e.m.EndpointHandlerMapping       : Mapped "{[/env],methods=[POST]}" onto public java.lang.Object org.springframework.cloud.context.environment.EnvironmentManagerMvcEndpoint.value(java.util.Map<java.lang.String, java.lang.String>)
2019-08-26 16:08:30.373  INFO 1400 --- [main] o.s.b.a.e.m.EndpointHandlerMapping       : Mapped "{[/env/reset],methods=[POST]}" onto public java.util.Map<java.lang.String, java.lang.Object> org.springframework.cloud.context.environment.EnvironmentManagerMvcEndpoint.reset()
2019-08-26 16:08:30.374  INFO 1400 --- [main] o.s.b.a.e.m.EndpointHandlerMapping       : Mapped "{[/beans || /beans.json],methods=[GET],produces=[application/vnd.spring-boot.actuator.v1+json || application/json]}" onto public java.lang.Object org.springframework.boot.actuate.endpoint.mvc.EndpointMvcAdapter.invoke()
2019-08-26 16:08:30.374  INFO 1400 --- [main] o.s.b.a.e.m.EndpointHandlerMapping       : Mapped "{[/loggers/{name:.*}],methods=[GET],produces=[application/vnd.spring-boot.actuator.v1+json || application/json]}" onto public java.lang.Object org.springframework.boot.actuate.endpoint.mvc.LoggersMvcEndpoint.get(java.lang.String)
2019-08-26 16:08:30.374  INFO 1400 --- [main] o.s.b.a.e.m.EndpointHandlerMapping       : Mapped "{[/loggers/{name:.*}],methods=[POST],consumes=[application/vnd.spring-boot.actuator.v1+json || application/json],produces=[application/vnd.spring-boot.actuator.v1+json || application/json]}" onto public java.lang.Object org.springframework.boot.actuate.endpoint.mvc.LoggersMvcEndpoint.set(java.lang.String,java.util.Map<java.lang.String, java.lang.String>)
2019-08-26 16:08:30.374  INFO 1400 --- [main] o.s.b.a.e.m.EndpointHandlerMapping       : Mapped "{[/loggers || /loggers.json],methods=[GET],produces=[application/vnd.spring-boot.actuator.v1+json || application/json]}" onto public java.lang.Object org.springframework.boot.actuate.endpoint.mvc.EndpointMvcAdapter.invoke()
2019-08-26 16:08:30.374  INFO 1400 --- [main] o.s.b.a.e.m.EndpointHandlerMapping       : Mapped "{[/trace || /trace.json],methods=[GET],produces=[application/vnd.spring-boot.actuator.v1+json || application/json]}" onto public java.lang.Object org.springframework.boot.actuate.endpoint.mvc.EndpointMvcAdapter.invoke()
2019-08-26 16:08:30.374  INFO 1400 --- [main] o.s.b.a.e.m.EndpointHandlerMapping       : Mapped "{[/hystrix.stream/**]}" onto public org.springframework.web.servlet.ModelAndView org.springframework.cloud.netflix.endpoint.ServletWrappingEndpoint.handle(javax.servlet.http.HttpServletRequest,javax.servlet.http.HttpServletResponse) throws java.lang.Exception
2019-08-26 16:08:30.374  INFO 1400 --- [main] o.s.b.a.e.m.EndpointHandlerMapping       : Mapped "{[/dump || /dump.json],methods=[GET],produces=[application/vnd.spring-boot.actuator.v1+json || application/json]}" onto public java.lang.Object org.springframework.boot.actuate.endpoint.mvc.EndpointMvcAdapter.invoke()
2019-08-26 16:08:30.374  INFO 1400 --- [main] o.s.b.a.e.m.EndpointHandlerMapping       : Mapped "{[/auditevents || /auditevents.json],methods=[GET],produces=[application/vnd.spring-boot.actuator.v1+json || application/json]}" onto public org.springframework.http.ResponseEntity<?> org.springframework.boot.actuate.endpoint.mvc.AuditEventsMvcEndpoint.findByPrincipalAndAfterAndType(java.lang.String,java.util.Date,java.lang.String)
2019-08-26 16:08:30.374  INFO 1400 --- [main] o.s.b.a.e.m.EndpointHandlerMapping       : Mapped "{[/info || /info.json],methods=[GET],produces=[application/vnd.spring-boot.actuator.v1+json || application/json]}" onto public java.lang.Object org.springframework.boot.actuate.endpoint.mvc.EndpointMvcAdapter.invoke()
2019-08-26 16:08:30.374  INFO 1400 --- [main] o.s.b.a.e.m.EndpointHandlerMapping       : Mapped "{[/heapdump || /heapdump.json],methods=[GET],produces=[application/octet-stream]}" onto public void org.springframework.boot.actuate.endpoint.mvc.HeapdumpMvcEndpoint.invoke(boolean,javax.servlet.http.HttpServletRequest,javax.servlet.http.HttpServletResponse) throws java.io.IOException,javax.servlet.ServletException
2019-08-26 16:08:30.374  INFO 1400 --- [main] o.s.b.a.e.m.EndpointHandlerMapping       : Mapped "{[/metrics/{name:.*}],methods=[GET],produces=[application/vnd.spring-boot.actuator.v1+json || application/json]}" onto public java.lang.Object org.springframework.boot.actuate.endpoint.mvc.MetricsMvcEndpoint.value(java.lang.String)
2019-08-26 16:08:30.374  INFO 1400 --- [main] o.s.b.a.e.m.EndpointHandlerMapping       : Mapped "{[/metrics || /metrics.json],methods=[GET],produces=[application/vnd.spring-boot.actuator.v1+json || application/json]}" onto public java.lang.Object org.springframework.boot.actuate.endpoint.mvc.EndpointMvcAdapter.invoke()
2019-08-26 16:08:30.374  INFO 1400 --- [main] o.s.b.a.e.m.EndpointHandlerMapping       : Mapped "{[/mappings || /mappings.json],methods=[GET],produces=[application/vnd.spring-boot.actuator.v1+json || application/json]}" onto public java.lang.Object org.springframework.boot.actuate.endpoint.mvc.EndpointMvcAdapter.invoke()
2019-08-26 16:08:30.374  INFO 1400 --- [main] o.s.b.a.e.m.EndpointHandlerMapping       : Mapped "{[/env/{name:.*}],methods=[GET],produces=[application/vnd.spring-boot.actuator.v1+json || application/json]}" onto public java.lang.Object org.springframework.boot.actuate.endpoint.mvc.EnvironmentMvcEndpoint.value(java.lang.String)
2019-08-26 16:08:30.374  INFO 1400 --- [main] o.s.b.a.e.m.EndpointHandlerMapping       : Mapped "{[/env || /env.json],methods=[GET],produces=[application/vnd.spring-boot.actuator.v1+json || application/json]}" onto public java.lang.Object org.springframework.boot.actuate.endpoint.mvc.EndpointMvcAdapter.invoke()
2019-08-26 16:08:30.374  INFO 1400 --- [main] o.s.b.a.e.m.EndpointHandlerMapping       : Mapped "{[/logfile || /logfile.json],methods=[GET || HEAD]}" onto public void org.springframework.boot.actuate.endpoint.mvc.LogFileMvcEndpoint.invoke(javax.servlet.http.HttpServletRequest,javax.servlet.http.HttpServletResponse) throws javax.servlet.ServletException,java.io.IOException
2019-08-26 16:08:30.374  INFO 1400 --- [main] o.s.b.a.e.m.EndpointHandlerMapping       : Mapped "{[/refresh || /refresh.json],methods=[POST]}" onto public java.lang.Object org.springframework.cloud.endpoint.GenericPostableMvcEndpoint.invoke()
2019-08-26 16:08:30.374  INFO 1400 --- [main] o.s.b.a.e.m.EndpointHandlerMapping       : Mapped "{[/features || /features.json],methods=[GET],produces=[application/vnd.spring-boot.actuator.v1+json || application/json]}" onto public java.lang.Object org.springframework.boot.actuate.endpoint.mvc.EndpointMvcAdapter.invoke()
2019-08-26 16:08:30.374  INFO 1400 --- [main] o.s.b.a.e.m.EndpointHandlerMapping       : Mapped "{[/configprops || /configprops.json],methods=[GET],produces=[application/vnd.spring-boot.actuator.v1+json || application/json]}" onto public java.lang.Object org.springframework.boot.actuate.endpoint.mvc.EndpointMvcAdapter.invoke()
2019-08-26 16:08:30.374  INFO 1400 --- [main] o.s.b.a.e.m.EndpointHandlerMapping       : Mapped "{[/autoconfig || /autoconfig.json],methods=[GET],produces=[application/vnd.spring-boot.actuator.v1+json || application/json]}" onto public java.lang.Object org.springframework.boot.actuate.endpoint.mvc.EndpointMvcAdapter.invoke()
2019-08-26 16:08:30.374  INFO 1400 --- [main] o.s.b.a.e.m.EndpointHandlerMapping       : Mapped "{[/archaius || /archaius.json],methods=[GET],produces=[application/vnd.spring-boot.actuator.v1+json || application/json]}" onto public java.lang.Object org.springframework.boot.actuate.endpoint.mvc.EndpointMvcAdapter.invoke()
2019-08-26 16:08:30.374  INFO 1400 --- [main] o.s.b.a.e.m.EndpointHandlerMapping       : Mapped "{[/health || /health.json],methods=[GET],produces=[application/vnd.spring-boot.actuator.v1+json || application/json]}" onto public java.lang.Object org.springframework.boot.actuate.endpoint.mvc.HealthMvcEndpoint.invoke(javax.servlet.http.HttpServletRequest,java.security.Principal)
2019-08-26 16:08:31.015  INFO 1400 --- [main] o.s.j.e.a.AnnotationMBeanExporter        : Registering beans for JMX exposure on startup
2019-08-26 16:08:31.031  INFO 1400 --- [main] o.s.j.e.a.AnnotationMBeanExporter        : Bean with name 'configurationPropertiesRebinder' has been autodetected for JMX exposure
2019-08-26 16:08:31.031  INFO 1400 --- [main] o.s.j.e.a.AnnotationMBeanExporter        : Bean with name 'refreshEndpoint' has been autodetected for JMX exposure
2019-08-26 16:08:31.031  INFO 1400 --- [main] o.s.j.e.a.AnnotationMBeanExporter        : Bean with name 'environmentManager' has been autodetected for JMX exposure
2019-08-26 16:08:31.031  INFO 1400 --- [main] o.s.j.e.a.AnnotationMBeanExporter        : Bean with name 'refreshScope' has been autodetected for JMX exposure
2019-08-26 16:08:31.031  INFO 1400 --- [main] o.s.j.e.a.AnnotationMBeanExporter        : Located managed bean 'environmentManager': registering with JMX server as MBean [org.springframework.cloud.context.environment:name=environmentManager,type=EnvironmentManager]
2019-08-26 16:08:31.046  INFO 1400 --- [main] o.s.j.e.a.AnnotationMBeanExporter        : Located managed bean 'refreshScope': registering with JMX server as MBean [org.springframework.cloud.context.scope.refresh:name=refreshScope,type=RefreshScope]
2019-08-26 16:08:31.062  INFO 1400 --- [main] o.s.j.e.a.AnnotationMBeanExporter        : Located managed bean 'configurationPropertiesRebinder': registering with JMX server as MBean [org.springframework.cloud.context.properties:name=configurationPropertiesRebinder,context=340b7ef6,type=ConfigurationPropertiesRebinder]
2019-08-26 16:08:31.078  INFO 1400 --- [main] o.s.j.e.a.AnnotationMBeanExporter        : Located managed bean 'refreshEndpoint': registering with JMX server as MBean [org.springframework.cloud.endpoint:name=refreshEndpoint,type=RefreshEndpoint]
2019-08-26 16:08:31.093  INFO 1400 --- [main] o.s.c.s.DefaultLifecycleProcessor        : Starting beans in phase 0
2019-08-26 16:08:31.140  INFO 1400 --- [main] o.s.c.s.DefaultLifecycleProcessor        : Starting beans in phase 2147483647
2019-08-26 16:08:31.140  INFO 1400 --- [main] ration$HystrixMetricsPollerConfiguration : Starting poller
2019-08-26 16:08:31.218  INFO 1400 --- [main] s.b.c.e.t.TomcatEmbeddedServletContainer : Tomcat started on port(s): 8080 (http)
2019-08-26 16:08:31.218  INFO 1400 --- [main] c.p.e.Application                        : Started Application in 6.09 seconds (JVM running for 6.811)
2019-08-26 16:08:45.427  INFO 1400 --- [http-nio-8080-exec-1] o.a.c.c.C.[.[.[/]                        : Initializing Spring FrameworkServlet 'dispatcherServlet'
2019-08-26 16:08:45.427  INFO 1400 --- [http-nio-8080-exec-1] o.s.w.s.DispatcherServlet                : FrameworkServlet 'dispatcherServlet': initialization started
2019-08-26 16:08:45.475  INFO 1400 --- [http-nio-8080-exec-1] o.s.w.s.DispatcherServlet                : FrameworkServlet 'dispatcherServlet': initialization completed in 48 ms
2019-08-26 16:08:45.497  WARN 1400 --- [http-nio-8080-exec-1] c.p.p.t.s.i.f.TarestMuoHeaderFilter      : Userinfo not found in request context . 
2019-08-26 16:08:45.552 ERROR 1400 --- [http-nio-8080-exec-1] p.p.b.c.i.h.BoatHandlerExceptionResolver : Received error status : {timestamp=2019-08-26T16:08:45.552+0800, status=404, error=Not Found, message=No message available, path=/p, code=code.undefined} 
2019-08-26 16:10:11.609  INFO 4812 --- [main] .p.b.c.i.ApolloConfigEnvironmentResolver : Apollo config hash bean initialized from environment . {} ApolloConfigSettings [cluster=default, env=dev, dataCenter=null, domains={local_meta=http://127.0.0.1:8081, dev_meta=http://127.0.0.1:8081, fat_meta=http://127.0.0.1:8081, uat_meta=http://127.0.0.1:8081, pro_meta=http://127.0.0.1:8081}]
2019-08-26 16:10:11.609  WARN 4812 --- [main] c.c.f.f.i.p.DefaultApplicationProvider   : /META-INF/app.properties not found from classpath!
2019-08-26 16:10:11.609  WARN 4812 --- [main] c.c.f.f.i.p.DefaultApplicationProvider   : app.id is not available from System Property and /META-INF/app.properties. It is set to null
2019-08-26 16:10:11.609  WARN 4812 --- [main] c.c.f.f.i.p.DefaultServerProvider        : C:/opt/settings/server.properties does not exist or is not readable.
2019-08-26 16:10:11.609  WARN 4812 --- [main] c.c.f.f.i.p.DefaultServerProvider        : Environment is set to null. Because it is not available in either (1) JVM system property 'env', (2) OS env variable 'ENV' nor (3) property 'env' from the properties InputStream.
2019-08-26 16:10:11.609  INFO 4812 --- [main] c.p.p.b.c.i.a.BoatProviderManager        : BoatProviderManager <init>
2019-08-26 16:10:11.609  WARN 4812 --- [main] c.c.f.f.i.p.DefaultApplicationProvider   : /META-INF/app.properties not found from classpath!
2019-08-26 16:10:11.609  WARN 4812 --- [main] c.c.f.f.i.p.DefaultApplicationProvider   : app.id is not available from System Property and /META-INF/app.properties. It is set to null
2019-08-26 16:10:11.609  INFO 4812 --- [main] c.p.p.b.c.i.a.BoatApplicationProvider    : App ID is set to project by 'spring.application.name' property from spring environment
2019-08-26 16:10:11.609  WARN 4812 --- [main] c.c.f.f.i.p.DefaultServerProvider        : C:/opt/settings/server.properties does not exist or is not readable.
2019-08-26 16:10:11.609  WARN 4812 --- [main] c.c.f.f.i.p.DefaultServerProvider        : Environment is set to null. Because it is not available in either (1) JVM system property 'env', (2) OS env variable 'ENV' nor (3) property 'env' from the properties InputStream.
2019-08-26 16:10:11.609  INFO 4812 --- [main] c.p.p.b.c.i.a.BoatServerProvider         : Environment is set to [null] by property 'apollo.data-center' in spring environment .
2019-08-26 16:10:11.609  INFO 4812 --- [main] c.p.p.b.c.i.a.BoatServerProvider         : Environment is set to [dev] by property 'apollo.env' in spring environment .
2019-08-26 16:10:11.609  INFO 4812 --- [main] c.p.e.Application                        : No active profile set, falling back to default profiles: default
2019-08-26 16:10:11.641  INFO 4812 --- [main] ationConfigEmbeddedWebApplicationContext : Refreshing org.springframework.boot.context.embedded.AnnotationConfigEmbeddedWebApplicationContext@340b7ef6: startup date [Mon Aug 26 16:10:11 CST 2019]; parent: org.springframework.context.annotation.AnnotationConfigApplicationContext@7c098bb3
2019-08-26 16:10:11.828  INFO 4812 --- [main] c.OAuth2AutoConfigurationExclusionFilter : AutoConfigurationExclusion: org.springframework.boot.autoconfigure.security.SecurityAutoConfiguration,org.springframework.boot.autoconfigure.security.SecurityFilterAutoConfiguration,org.springframework.boot.autoconfigure.security.FallbackWebSecurityAutoConfiguration,org.springframework.boot.autoconfigure.security.oauth2.OAuth2AutoConfiguration,org.springframework.boot.autoconfigure.security.oauth2.OAuth2AutoConfiguration
2019-08-26 16:10:12.110  INFO 4812 --- [main] .p.p.t.c.a.f.TarestFeignClientsRegistrar : Register tarest client spec: Bean definition with name 'default.com.primeton.eos.Application.TarestFeignClientSpecification' and aliases []: Generic bean: class [com.primeton.ptp.tarest.client.impl.feign.TarestFeignClientSpecificationFactoryBean]; scope=; abstract=false; lazyInit=false; autowireMode=2; dependencyCheck=0; autowireCandidate=true; primary=true; factoryBeanName=null; factoryMethodName=null; initMethodName=null; destroyMethodName=null. Importing class: com.primeton.eos.Application
2019-08-26 16:10:12.639  INFO 4812 --- [main] o.s.c.c.s.GenericScope                   : BeanFactory id=f1210c73-0e0d-3310-ab98-0db12786bbbc
2019-08-26 16:10:12.654  INFO 4812 --- [main] f.a.AutowiredAnnotationBeanPostProcessor : JSR-330 'javax.inject.Inject' annotation found and supported for autowiring
2019-08-26 16:10:12.670  INFO 4812 --- [main] arestFeignClientSpecificationFactoryBean : com.primeton.ptp.tarest.client.impl.feign.TarestFeignClientSpecificationFactoryBean <init>.
2019-08-26 16:10:12.779  INFO 4812 --- [main] .p.p.t.s.a.TarestServerAutoConfiguration : com.primeton.ptp.tarest.server.autoconfigure.TarestServerAutoConfiguration$$EnhancerBySpringCGLIB$$7d6adcd <init>.
2019-08-26 16:10:12.779  INFO 4812 --- [main] trationDelegate$BeanPostProcessorChecker : Bean 'com.primeton.ptp.tarest.server.autoconfigure.TarestServerAutoConfiguration' of type [com.primeton.ptp.tarest.server.autoconfigure.TarestServerAutoConfiguration$$EnhancerBySpringCGLIB$$7d6adcd] is not eligible for getting processed by all BeanPostProcessors (for example: not eligible for auto-proxying)
2019-08-26 16:10:12.904  INFO 4812 --- [main] .p.p.t.s.i.TarestServerMetadataProcessor : com.primeton.ptp.tarest.server.impl.TarestServerMetadataProcessor <init>.
2019-08-26 16:10:12.967  INFO 4812 --- [main] c.p.p.t.s.i.TarestServerSettings         : com.primeton.ptp.tarest.server.impl.TarestServerSettings <init>.
2019-08-26 16:10:12.983  INFO 4812 --- [main] trationDelegate$BeanPostProcessorChecker : Bean 'eos.service-com.primeton.ptp.tarest.server.impl.TarestServerSettings' of type [com.primeton.ptp.tarest.server.impl.TarestServerSettings] is not eligible for getting processed by all BeanPostProcessors (for example: not eligible for auto-proxying)
2019-08-26 16:10:12.998  INFO 4812 --- [main] trationDelegate$BeanPostProcessorChecker : Bean 'eos-com.primeton.ptp.boat.core.config.BoatSettings' of type [com.primeton.ptp.boat.core.config.BoatSettings] is not eligible for getting processed by all BeanPostProcessors (for example: not eligible for auto-proxying)
2019-08-26 16:10:12.998  INFO 4812 --- [main] .p.p.t.s.a.TarestServerAutoConfiguration : Create com.primeton.ptp.tarest.server.impl.metadata.TarestServiceAnnotationParsePostProcessor
2019-08-26 16:10:12.998  INFO 4812 --- [main] arestServiceAnnotationParsePostProcessor : com.primeton.ptp.tarest.server.impl.metadata.TarestServiceAnnotationParsePostProcessor <init>.
2019-08-26 16:10:12.998  INFO 4812 --- [main] trationDelegate$BeanPostProcessorChecker : Bean 'org.springframework.cloud.netflix.metrics.MetricsInterceptorConfiguration$MetricsRestTemplateConfiguration' of type [org.springframework.cloud.netflix.metrics.MetricsInterceptorConfiguration$MetricsRestTemplateConfiguration$$EnhancerBySpringCGLIB$$cd824c4a] is not eligible for getting processed by all BeanPostProcessors (for example: not eligible for auto-proxying)
2019-08-26 16:10:13.030  INFO 4812 --- [main] trationDelegate$BeanPostProcessorChecker : Bean 'org.springframework.cloud.autoconfigure.ConfigurationPropertiesRebinderAutoConfiguration' of type [org.springframework.cloud.autoconfigure.ConfigurationPropertiesRebinderAutoConfiguration$$EnhancerBySpringCGLIB$$b76fa906] is not eligible for getting processed by all BeanPostProcessors (for example: not eligible for auto-proxying)
2019-08-26 16:10:13.326  INFO 4812 --- [main] s.b.c.e.t.TomcatEmbeddedServletContainer : Tomcat initialized with port(s): 8080 (http)
2019-08-26 16:10:13.338  INFO 4812 --- [main] o.a.c.c.StandardService                  : Starting service [Tomcat]
2019-08-26 16:10:13.338  INFO 4812 --- [main] o.a.c.c.StandardEngine                   : Starting Servlet Engine: Apache Tomcat/8.5.27
2019-08-26 16:10:13.494  INFO 4812 --- [localhost-startStop-1] o.a.c.c.C.[.[.[/]                        : Initializing Spring embedded WebApplicationContext
2019-08-26 16:10:13.494  INFO 4812 --- [localhost-startStop-1] o.s.w.c.ContextLoader                    : Root WebApplicationContext: initialization completed in 1853 ms
2019-08-26 16:10:13.604  INFO 4812 --- [localhost-startStop-1] .p.p.t.c.a.TarestClientAutoConfiguration : com.primeton.ptp.tarest.client.autoconfigure.TarestClientAutoConfiguration$$EnhancerBySpringCGLIB$$20642cd <init>.
2019-08-26 16:10:13.635  INFO 4812 --- [localhost-startStop-1] uration$$EnhancerBySpringCGLIB$$30e4966d : com.primeton.ptp.tarest.security.autoconfigure.TarestSecurityAutoConfiguration$$EnhancerBySpringCGLIB$$30e4966d <init>.
2019-08-26 16:10:13.698  INFO 4812 --- [localhost-startStop-1] uration$$EnhancerBySpringCGLIB$$30e4966d : Create com.primeton.ptp.tarest.security.impl.filter.TarestMuoHeaderFilter
2019-08-26 16:10:13.698  INFO 4812 --- [localhost-startStop-1] uration$$EnhancerBySpringCGLIB$$16d538f9 : com.primeton.ptp.tarest.server.autoconfigure.TarestWebMvcConfiguration$$EnhancerBySpringCGLIB$$16d538f9 <init>.
2019-08-26 16:10:13.713  INFO 4812 --- [localhost-startStop-1] uration$$EnhancerBySpringCGLIB$$f91f188d : com.primeton.ptp.tarest.core.autoconfigure.TarestCoreAutoConfiguration$$EnhancerBySpringCGLIB$$f91f188d <init>.
2019-08-26 16:10:13.713  INFO 4812 --- [localhost-startStop-1] uration$$EnhancerBySpringCGLIB$$f91f188d : Create com.primeton.ptp.tarest.core.impl.TarestApplicationInstance
2019-08-26 16:10:13.760  INFO 4812 --- [localhost-startStop-1] uration$$EnhancerBySpringCGLIB$$16d538f9 : Create com.primeton.ptp.tarest.server.impl.web.headers.TarestServerHttpHeadersDefaultHandler
2019-08-26 16:10:13.760  INFO 4812 --- [localhost-startStop-1] uration$$EnhancerBySpringCGLIB$$16d538f9 : Create com.primeton.ptp.tarest.server.impl.web.headers.TarestServerHttpHeadersService
2019-08-26 16:10:13.932  INFO 4812 --- [localhost-startStop-1] c.p.p.b.c.a.BoatCoreAutoConfiguration    : com.primeton.ptp.boat.core.autoconfigure.BoatCoreAutoConfiguration$$EnhancerBySpringCGLIB$$170771cf <init>.
2019-08-26 16:10:13.948  INFO 4812 --- [localhost-startStop-1] c.p.p.b.c.a.BoatCoreAutoConfiguration    : Create bean com.primeton.ptp.boat.core.impl.handler.BoatHandlerExceptionResolver
2019-08-26 16:10:14.010  INFO 4812 --- [localhost-startStop-1] o.s.b.w.s.FilterRegistrationBean         : Mapping filter: 'tarestHttpHeadersFilter' to urls: [/*]
2019-08-26 16:10:14.010  INFO 4812 --- [localhost-startStop-1] o.s.b.w.s.FilterRegistrationBean         : Mapping filter: 'metricsFilter' to: [/*]
2019-08-26 16:10:14.010  INFO 4812 --- [localhost-startStop-1] o.s.b.w.s.FilterRegistrationBean         : Mapping filter: 'characterEncodingFilter' to: [/*]
2019-08-26 16:10:14.010  INFO 4812 --- [localhost-startStop-1] o.s.b.w.s.FilterRegistrationBean         : Mapping filter: 'tarestThreadContextHystrixFilter' to urls: [/*]
2019-08-26 16:10:14.010  INFO 4812 --- [localhost-startStop-1] o.s.b.w.s.FilterRegistrationBean         : Mapping filter: 'tarestServerHttpLogFilter' to urls: [/*]
2019-08-26 16:10:14.010  INFO 4812 --- [localhost-startStop-1] o.s.b.w.s.FilterRegistrationBean         : Mapping filter: 'hiddenHttpMethodFilter' to: [/*]
2019-08-26 16:10:14.010  INFO 4812 --- [localhost-startStop-1] o.s.b.w.s.FilterRegistrationBean         : Mapping filter: 'httpPutFormContentFilter' to: [/*]
2019-08-26 16:10:14.010  INFO 4812 --- [localhost-startStop-1] o.s.b.w.s.FilterRegistrationBean         : Mapping filter: 'requestContextFilter' to: [/*]
2019-08-26 16:10:14.010  INFO 4812 --- [localhost-startStop-1] o.s.b.w.s.FilterRegistrationBean         : Mapping filter: 'tarestMuoHeaderFilter' to urls: [/*]
2019-08-26 16:10:14.010  INFO 4812 --- [localhost-startStop-1] o.s.b.w.s.FilterRegistrationBean         : Mapping filter: 'webRequestLoggingFilter' to: [/*]
2019-08-26 16:10:14.010  INFO 4812 --- [localhost-startStop-1] o.s.b.w.s.FilterRegistrationBean         : Mapping filter: 'applicationContextIdFilter' to: [/*]
2019-08-26 16:10:14.010  INFO 4812 --- [localhost-startStop-1] o.s.b.w.s.ServletRegistrationBean        : Mapping servlet: 'dispatcherServlet' to [/]
2019-08-26 16:10:14.057  INFO 4812 --- [main] .p.t.c.i.m.TarestServiceMetadataRegistry : com.primeton.ptp.tarest.core.impl.metadata.TarestServiceMetadataRegistry <init>.
2019-08-26 16:10:14.057  INFO 4812 --- [main] .p.t.c.i.m.TarestServiceMetadataRegistry : com.primeton.ptp.tarest.core.impl.metadata.TarestServiceMetadataRegistry <init>.
2019-08-26 16:10:14.073  INFO 4812 --- [main] t.c.i.m.f.TarestFunctionMetadataRegistry : com.primeton.ptp.tarest.core.impl.metadata.function.TarestFunctionMetadataRegistry <init>.
2019-08-26 16:10:14.073  INFO 4812 --- [main] .p.p.t.c.a.TarestClientAutoConfiguration : Create com.primeton.ptp.tarest.client.impl.feign.TarestFeignClientSettingsHelper
2019-08-26 16:10:14.088  INFO 4812 --- [main] c.p.p.t.c.i.TarestClientSettings         : com.primeton.ptp.tarest.client.impl.TarestClientSettings <init>.
2019-08-26 16:10:14.088  INFO 4812 --- [main] arestFeignClientSpecificationFactoryBean : Create TarestFeignClientSpecification [class com.primeton.ptp.tarest.client.impl.feign.TarestFeignClientConfiguration] - app <default.com.primeton.eos.Application>
2019-08-26 16:10:14.166  WARN 4812 --- [main] c.n.c.s.URLConfigurationSource           : No URLs will be polled as dynamic configuration sources.
2019-08-26 16:10:14.166  INFO 4812 --- [main] c.n.c.s.URLConfigurationSource           : To enable URLs as dynamic configuration sources, define System property archaius.configurationSource.additionalUrls or make config.properties available on classpath.
2019-08-26 16:10:14.182  INFO 4812 --- [main] c.n.c.DynamicPropertyFactory             : DynamicPropertyFactory is initialized with configuration sources: com.netflix.config.ConcurrentCompositeConfiguration@3709748f
2019-08-26 16:10:14.369  WARN 4812 --- [main] c.n.c.s.URLConfigurationSource           : No URLs will be polled as dynamic configuration sources.
2019-08-26 16:10:14.369  INFO 4812 --- [main] c.n.c.s.URLConfigurationSource           : To enable URLs as dynamic configuration sources, define System property archaius.configurationSource.additionalUrls or make config.properties available on classpath.
2019-08-26 16:10:14.479  INFO 4812 --- [main] eAdapter$$EnhancerBySpringCGLIB$$a7fb75d : com.primeton.ptp.tarest.security.autoconfigure.TarestSecurityAutoConfiguration$TarestSecurityConfigureAdapter$$EnhancerBySpringCGLIB$$a7fb75d <init>.
2019-08-26 16:10:14.479  INFO 4812 --- [main] uration$$EnhancerBySpringCGLIB$$30e4966d : Create com.primeton.ptp.tarest.security.interceptor.TarestFunctionCheckInterceptor
2019-08-26 16:10:14.494  INFO 4812 --- [main] Adapter$$EnhancerBySpringCGLIB$$6d3e2411 : com.primeton.ptp.tarest.server.autoconfigure.TarestWebMvcConfiguration$TarestWebMvcConfigurerAdapter$$EnhancerBySpringCGLIB$$6d3e2411 <init>.
2019-08-26 16:10:14.745  INFO 4812 --- [main] s.w.s.m.m.a.RequestMappingHandlerAdapter : Looking for @ControllerAdvice: org.springframework.boot.context.embedded.AnnotationConfigEmbeddedWebApplicationContext@340b7ef6: startup date [Mon Aug 26 16:10:11 CST 2019]; parent: org.springframework.context.annotation.AnnotationConfigApplicationContext@7c098bb3
2019-08-26 16:10:14.776  INFO 4812 --- [main] .p.t.c.i.TarestClientWebMvcRegistrations : Create RequestMappingHandlerMapping : com.primeton.ptp.tarest.client.impl.TarestClientRequestMappingHandlerMapping
2019-08-26 16:10:14.791  INFO 4812 --- [main] .p.t.c.i.TarestClientWebMvcRegistrations : Create RequestMappingHandlerMapping : com.primeton.ptp.tarest.client.impl.TarestClientRequestMappingHandlerMapping
2019-08-26 16:10:14.791  WARN 4812 --- [main] Adapter$$EnhancerBySpringCGLIB$$6d3e2411 : Not found any com.primeton.ptp.tarest.server.impl.web.TarestHandlerInterceptor
2019-08-26 16:10:14.791  INFO 4812 --- [main] eAdapter$$EnhancerBySpringCGLIB$$a7fb75d : add interceptor to registry [com.primeton.ptp.tarest.security.interceptor.TarestFunctionCheckInterceptor ]
2019-08-26 16:10:14.870  INFO 4812 --- [main] TarestClientRequestMappingHandlerMapping : Mapped "{[/h/a],methods=[GET]}" onto public java.lang.String com.primeton.eos.impl.HelloImpl.say()
2019-08-26 16:10:14.870  INFO 4812 --- [main] TarestClientRequestMappingHandlerMapping : Mapped "{[/error]}" onto public org.springframework.http.ResponseEntity<java.util.Map<java.lang.String, java.lang.Object>> org.springframework.boot.autoconfigure.web.BasicErrorController.error(javax.servlet.http.HttpServletRequest)
2019-08-26 16:10:14.870  INFO 4812 --- [main] TarestClientRequestMappingHandlerMapping : Mapped "{[/error],produces=[text/html]}" onto public org.springframework.web.servlet.ModelAndView org.springframework.boot.autoconfigure.web.BasicErrorController.errorHtml(javax.servlet.http.HttpServletRequest,javax.servlet.http.HttpServletResponse)
2019-08-26 16:10:14.870  INFO 4812 --- [main] TarestClientRequestMappingHandlerMapping : Mapped "{[/tarest/services/consumed-mappings],methods=[GET]}" onto public org.springframework.http.ResponseEntity<com.primeton.ptp.tarest.core.impl.metadata.TarestServiceMetadata[]> com.primeton.ptp.tarest.core.impl.metadata.TarestServiceMetadataController.listConsumedServices(java.lang.String,java.lang.String,java.lang.String)
2019-08-26 16:10:14.870  INFO 4812 --- [main] TarestClientRequestMappingHandlerMapping : Mapped "{[/tarest/services/consumed-mappings/exists],methods=[GET]}" onto public org.springframework.http.ResponseEntity<java.lang.Boolean> com.primeton.ptp.tarest.core.impl.metadata.TarestServiceMetadataController.existsConsumedService(java.lang.String,java.lang.String,java.lang.String)
2019-08-26 16:10:14.885  INFO 4812 --- [main] TarestClientRequestMappingHandlerMapping : Mapped "{[/tarest/services/provided-mappings],methods=[GET]}" onto public org.springframework.http.ResponseEntity<com.primeton.ptp.tarest.core.impl.metadata.TarestServiceMetadata[]> com.primeton.ptp.tarest.core.impl.metadata.TarestServiceMetadataController.listProvidedServices(java.lang.String,java.lang.String,java.lang.String)
2019-08-26 16:10:14.885  INFO 4812 --- [main] TarestClientRequestMappingHandlerMapping : Mapped "{[/tarest/services/provided-mappings/exists],methods=[GET]}" onto public org.springframework.http.ResponseEntity<java.lang.Boolean> com.primeton.ptp.tarest.core.impl.metadata.TarestServiceMetadataController.existsProvidedService(java.lang.String,java.lang.String,java.lang.String)
2019-08-26 16:10:14.885  INFO 4812 --- [main] TarestClientRequestMappingHandlerMapping : Mapped "{[/tarest/services/function-mappings],methods=[GET]}" onto public org.springframework.http.ResponseEntity<com.primeton.ptp.tarest.core.impl.metadata.function.TarestFunctionList> com.primeton.ptp.tarest.core.impl.metadata.function.TarestFunctionListController.listConsumedServices()
2019-08-26 16:10:14.916  INFO 4812 --- [main] o.s.w.s.h.SimpleUrlHandlerMapping        : Mapped URL path [/webjars/**] onto handler of type [class org.springframework.web.servlet.resource.ResourceHttpRequestHandler]
2019-08-26 16:10:14.932  INFO 4812 --- [main] o.s.w.s.h.SimpleUrlHandlerMapping        : Mapped URL path [/**] onto handler of type [class org.springframework.web.servlet.resource.ResourceHttpRequestHandler]
2019-08-26 16:10:14.979  INFO 4812 --- [main] o.s.w.s.h.SimpleUrlHandlerMapping        : Mapped URL path [/**/favicon.ico] onto handler of type [class org.springframework.web.servlet.resource.ResourceHttpRequestHandler]
2019-08-26 16:10:15.088  INFO 4812 --- [main] uration$$EnhancerBySpringCGLIB$$1c49d78d : com.primeton.ptp.tarest.client.hystrix.autoconfigure.TarestClientHystrixAutoConfiguration$$EnhancerBySpringCGLIB$$1c49d78d <init>.
2019-08-26 16:10:15.104  INFO 4812 --- [main] .p.p.t.c.r.a.RibbonAutoConfigerExtension : init empty route policy
2019-08-26 16:10:15.104  INFO 4812 --- [main] uration$$EnhancerBySpringCGLIB$$f91f188d : Create com.primeton.ptp.tarest.core.impl.metadata.TarestServiceMetadataController
2019-08-26 16:10:15.104  INFO 4812 --- [main] .t.c.i.m.TarestServiceMetadataController : com.primeton.ptp.tarest.core.impl.metadata.TarestServiceMetadataController <init>.
2019-08-26 16:10:15.104  INFO 4812 --- [main] uration$$EnhancerBySpringCGLIB$$f91f188d : Create com.primeton.ptp.tarest.core.impl.metadata.function.TarestFunctionListController
2019-08-26 16:10:15.104  INFO 4812 --- [main] p.t.c.i.m.f.TarestFunctionListController : com.primeton.ptp.tarest.core.impl.metadata.function.TarestFunctionListController <init>.
2019-08-26 16:10:15.120  INFO 4812 --- [main] uration$$EnhancerBySpringCGLIB$$30e4966d : Create com.primeton.ptp.tarest.security.auth.TarestGatewayRequestHeaderAuthChecker
2019-08-26 16:10:15.120  INFO 4812 --- [main] uration$$EnhancerBySpringCGLIB$$30e4966d : Create com.primeton.ptp.tarest.security.auth.TarestAppRequestHeaderAuthChecker
2019-08-26 16:10:15.120  INFO 4812 --- [main] uration$$EnhancerBySpringCGLIB$$16d538f9 : Create com.primeton.ptp.tarest.server.impl.web.TarestHandlerChecker
2019-08-26 16:10:15.120  INFO 4812 --- [main] c.p.p.t.s.i.w.TarestHandlerChecker       : com.primeton.ptp.tarest.server.impl.web.TarestHandlerChecker <init>.
2019-08-26 16:10:15.651  INFO 4812 --- [main] o.s.b.a.e.m.EndpointHandlerMapping       : Mapped "{[/health || /health.json],methods=[GET],produces=[application/vnd.spring-boot.actuator.v1+json || application/json]}" onto public java.lang.Object org.springframework.boot.actuate.endpoint.mvc.HealthMvcEndpoint.invoke(javax.servlet.http.HttpServletRequest,java.security.Principal)
2019-08-26 16:10:15.667  INFO 4812 --- [main] o.s.b.a.e.m.EndpointHandlerMapping       : Mapped "{[/loggers/{name:.*}],methods=[GET],produces=[application/vnd.spring-boot.actuator.v1+json || application/json]}" onto public java.lang.Object org.springframework.boot.actuate.endpoint.mvc.LoggersMvcEndpoint.get(java.lang.String)
2019-08-26 16:10:15.667  INFO 4812 --- [main] o.s.b.a.e.m.EndpointHandlerMapping       : Mapped "{[/loggers/{name:.*}],methods=[POST],consumes=[application/vnd.spring-boot.actuator.v1+json || application/json],produces=[application/vnd.spring-boot.actuator.v1+json || application/json]}" onto public java.lang.Object org.springframework.boot.actuate.endpoint.mvc.LoggersMvcEndpoint.set(java.lang.String,java.util.Map<java.lang.String, java.lang.String>)
2019-08-26 16:10:15.667  INFO 4812 --- [main] o.s.b.a.e.m.EndpointHandlerMapping       : Mapped "{[/loggers || /loggers.json],methods=[GET],produces=[application/vnd.spring-boot.actuator.v1+json || application/json]}" onto public java.lang.Object org.springframework.boot.actuate.endpoint.mvc.EndpointMvcAdapter.invoke()
2019-08-26 16:10:15.667  INFO 4812 --- [main] o.s.b.a.e.m.EndpointHandlerMapping       : Mapped "{[/hystrix.stream/**]}" onto public org.springframework.web.servlet.ModelAndView org.springframework.cloud.netflix.endpoint.ServletWrappingEndpoint.handle(javax.servlet.http.HttpServletRequest,javax.servlet.http.HttpServletResponse) throws java.lang.Exception
2019-08-26 16:10:15.667  INFO 4812 --- [main] o.s.b.a.e.m.EndpointHandlerMapping       : Mapped "{[/heapdump || /heapdump.json],methods=[GET],produces=[application/octet-stream]}" onto public void org.springframework.boot.actuate.endpoint.mvc.HeapdumpMvcEndpoint.invoke(boolean,javax.servlet.http.HttpServletRequest,javax.servlet.http.HttpServletResponse) throws java.io.IOException,javax.servlet.ServletException
2019-08-26 16:10:15.667  INFO 4812 --- [main] o.s.b.a.e.m.EndpointHandlerMapping       : Mapped "{[/mappings || /mappings.json],methods=[GET],produces=[application/vnd.spring-boot.actuator.v1+json || application/json]}" onto public java.lang.Object org.springframework.boot.actuate.endpoint.mvc.EndpointMvcAdapter.invoke()
2019-08-26 16:10:15.667  INFO 4812 --- [main] o.s.b.a.e.m.EndpointHandlerMapping       : Mapped "{[/env/{name:.*}],methods=[GET],produces=[application/vnd.spring-boot.actuator.v1+json || application/json]}" onto public java.lang.Object org.springframework.boot.actuate.endpoint.mvc.EnvironmentMvcEndpoint.value(java.lang.String)
2019-08-26 16:10:15.667  INFO 4812 --- [main] o.s.b.a.e.m.EndpointHandlerMapping       : Mapped "{[/env || /env.json],methods=[GET],produces=[application/vnd.spring-boot.actuator.v1+json || application/json]}" onto public java.lang.Object org.springframework.boot.actuate.endpoint.mvc.EndpointMvcAdapter.invoke()
2019-08-26 16:10:15.667  INFO 4812 --- [main] o.s.b.a.e.m.EndpointHandlerMapping       : Mapped "{[/archaius || /archaius.json],methods=[GET],produces=[application/vnd.spring-boot.actuator.v1+json || application/json]}" onto public java.lang.Object org.springframework.boot.actuate.endpoint.mvc.EndpointMvcAdapter.invoke()
2019-08-26 16:10:15.667  INFO 4812 --- [main] o.s.b.a.e.m.EndpointHandlerMapping       : Mapped "{[/refresh || /refresh.json],methods=[POST]}" onto public java.lang.Object org.springframework.cloud.endpoint.GenericPostableMvcEndpoint.invoke()
2019-08-26 16:10:15.667  INFO 4812 --- [main] o.s.b.a.e.m.EndpointHandlerMapping       : Mapped "{[/dump || /dump.json],methods=[GET],produces=[application/vnd.spring-boot.actuator.v1+json || application/json]}" onto public java.lang.Object org.springframework.boot.actuate.endpoint.mvc.EndpointMvcAdapter.invoke()
2019-08-26 16:10:15.667  INFO 4812 --- [main] o.s.b.a.e.m.EndpointHandlerMapping       : Mapped "{[/trace || /trace.json],methods=[GET],produces=[application/vnd.spring-boot.actuator.v1+json || application/json]}" onto public java.lang.Object org.springframework.boot.actuate.endpoint.mvc.EndpointMvcAdapter.invoke()
2019-08-26 16:10:15.667  INFO 4812 --- [main] o.s.b.a.e.m.EndpointHandlerMapping       : Mapped "{[/logfile || /logfile.json],methods=[GET || HEAD]}" onto public void org.springframework.boot.actuate.endpoint.mvc.LogFileMvcEndpoint.invoke(javax.servlet.http.HttpServletRequest,javax.servlet.http.HttpServletResponse) throws javax.servlet.ServletException,java.io.IOException
2019-08-26 16:10:15.667  INFO 4812 --- [main] o.s.b.a.e.m.EndpointHandlerMapping       : Mapped "{[/features || /features.json],methods=[GET],produces=[application/vnd.spring-boot.actuator.v1+json || application/json]}" onto public java.lang.Object org.springframework.boot.actuate.endpoint.mvc.EndpointMvcAdapter.invoke()
2019-08-26 16:10:15.667  INFO 4812 --- [main] o.s.b.a.e.m.EndpointHandlerMapping       : Mapped "{[/auditevents || /auditevents.json],methods=[GET],produces=[application/vnd.spring-boot.actuator.v1+json || application/json]}" onto public org.springframework.http.ResponseEntity<?> org.springframework.boot.actuate.endpoint.mvc.AuditEventsMvcEndpoint.findByPrincipalAndAfterAndType(java.lang.String,java.util.Date,java.lang.String)
2019-08-26 16:10:15.667  INFO 4812 --- [main] o.s.b.a.e.m.EndpointHandlerMapping       : Mapped "{[/metrics/{name:.*}],methods=[GET],produces=[application/vnd.spring-boot.actuator.v1+json || application/json]}" onto public java.lang.Object org.springframework.boot.actuate.endpoint.mvc.MetricsMvcEndpoint.value(java.lang.String)
2019-08-26 16:10:15.667  INFO 4812 --- [main] o.s.b.a.e.m.EndpointHandlerMapping       : Mapped "{[/metrics || /metrics.json],methods=[GET],produces=[application/vnd.spring-boot.actuator.v1+json || application/json]}" onto public java.lang.Object org.springframework.boot.actuate.endpoint.mvc.EndpointMvcAdapter.invoke()
2019-08-26 16:10:15.667  INFO 4812 --- [main] o.s.b.a.e.m.EndpointHandlerMapping       : Mapped "{[/beans || /beans.json],methods=[GET],produces=[application/vnd.spring-boot.actuator.v1+json || application/json]}" onto public java.lang.Object org.springframework.boot.actuate.endpoint.mvc.EndpointMvcAdapter.invoke()
2019-08-26 16:10:15.667  INFO 4812 --- [main] o.s.b.a.e.m.EndpointHandlerMapping       : Mapped "{[/info || /info.json],methods=[GET],produces=[application/vnd.spring-boot.actuator.v1+json || application/json]}" onto public java.lang.Object org.springframework.boot.actuate.endpoint.mvc.EndpointMvcAdapter.invoke()
2019-08-26 16:10:15.667  INFO 4812 --- [main] o.s.b.a.e.m.EndpointHandlerMapping       : Mapped "{[/configprops || /configprops.json],methods=[GET],produces=[application/vnd.spring-boot.actuator.v1+json || application/json]}" onto public java.lang.Object org.springframework.boot.actuate.endpoint.mvc.EndpointMvcAdapter.invoke()
2019-08-26 16:10:15.667  INFO 4812 --- [main] o.s.b.a.e.m.EndpointHandlerMapping       : Mapped "{[/env],methods=[POST]}" onto public java.lang.Object org.springframework.cloud.context.environment.EnvironmentManagerMvcEndpoint.value(java.util.Map<java.lang.String, java.lang.String>)
2019-08-26 16:10:15.667  INFO 4812 --- [main] o.s.b.a.e.m.EndpointHandlerMapping       : Mapped "{[/env/reset],methods=[POST]}" onto public java.util.Map<java.lang.String, java.lang.Object> org.springframework.cloud.context.environment.EnvironmentManagerMvcEndpoint.reset()
2019-08-26 16:10:15.667  INFO 4812 --- [main] o.s.b.a.e.m.EndpointHandlerMapping       : Mapped "{[/autoconfig || /autoconfig.json],methods=[GET],produces=[application/vnd.spring-boot.actuator.v1+json || application/json]}" onto public java.lang.Object org.springframework.boot.actuate.endpoint.mvc.EndpointMvcAdapter.invoke()
2019-08-26 16:10:16.386  INFO 4812 --- [main] o.s.j.e.a.AnnotationMBeanExporter        : Registering beans for JMX exposure on startup
2019-08-26 16:10:16.401  INFO 4812 --- [main] o.s.j.e.a.AnnotationMBeanExporter        : Bean with name 'configurationPropertiesRebinder' has been autodetected for JMX exposure
2019-08-26 16:10:16.401  INFO 4812 --- [main] o.s.j.e.a.AnnotationMBeanExporter        : Bean with name 'refreshEndpoint' has been autodetected for JMX exposure
2019-08-26 16:10:16.401  INFO 4812 --- [main] o.s.j.e.a.AnnotationMBeanExporter        : Bean with name 'environmentManager' has been autodetected for JMX exposure
2019-08-26 16:10:16.401  INFO 4812 --- [main] o.s.j.e.a.AnnotationMBeanExporter        : Bean with name 'refreshScope' has been autodetected for JMX exposure
2019-08-26 16:10:16.401  INFO 4812 --- [main] o.s.j.e.a.AnnotationMBeanExporter        : Located managed bean 'environmentManager': registering with JMX server as MBean [org.springframework.cloud.context.environment:name=environmentManager,type=EnvironmentManager]
2019-08-26 16:10:16.417  INFO 4812 --- [main] o.s.j.e.a.AnnotationMBeanExporter        : Located managed bean 'refreshScope': registering with JMX server as MBean [org.springframework.cloud.context.scope.refresh:name=refreshScope,type=RefreshScope]
2019-08-26 16:10:16.433  INFO 4812 --- [main] o.s.j.e.a.AnnotationMBeanExporter        : Located managed bean 'configurationPropertiesRebinder': registering with JMX server as MBean [org.springframework.cloud.context.properties:name=configurationPropertiesRebinder,context=340b7ef6,type=ConfigurationPropertiesRebinder]
2019-08-26 16:10:16.448  INFO 4812 --- [main] o.s.j.e.a.AnnotationMBeanExporter        : Located managed bean 'refreshEndpoint': registering with JMX server as MBean [org.springframework.cloud.endpoint:name=refreshEndpoint,type=RefreshEndpoint]
2019-08-26 16:10:16.464  INFO 4812 --- [main] o.s.c.s.DefaultLifecycleProcessor        : Starting beans in phase 0
2019-08-26 16:10:16.511  INFO 4812 --- [main] o.s.c.s.DefaultLifecycleProcessor        : Starting beans in phase 2147483647
2019-08-26 16:10:16.511  INFO 4812 --- [main] ration$HystrixMetricsPollerConfiguration : Starting poller
2019-08-26 16:10:16.589  INFO 4812 --- [main] s.b.c.e.t.TomcatEmbeddedServletContainer : Tomcat started on port(s): 8080 (http)
2019-08-26 16:10:16.589  INFO 4812 --- [main] c.p.e.Application                        : Started Application in 6.27 seconds (JVM running for 7.021)
2019-08-26 16:10:20.036  INFO 4812 --- [http-nio-8080-exec-1] o.a.c.c.C.[.[.[/]                        : Initializing Spring FrameworkServlet 'dispatcherServlet'
2019-08-26 16:10:20.036  INFO 4812 --- [http-nio-8080-exec-1] o.s.w.s.DispatcherServlet                : FrameworkServlet 'dispatcherServlet': initialization started
2019-08-26 16:10:20.076  INFO 4812 --- [http-nio-8080-exec-1] o.s.w.s.DispatcherServlet                : FrameworkServlet 'dispatcherServlet': initialization completed in 40 ms
